<?xml version="1.0" encoding="UTF-8"?>
<testsuite xmlns:xsi="http://www.w3.org/2001/XMLSchema-instance" xsi:noNamespaceSchemaLocation="https://maven.apache.org/surefire/maven-surefire-plugin/xsd/surefire-test-report.xsd" version="3.0.2" name="TestSuite" time="24.552" tests="20" errors="0" skipped="2" failures="0">
  <properties>
    <property name="java.specification.version" value="21"/>
    <property name="sun.cpu.isalist" value="amd64"/>
    <property name="sun.jnu.encoding" value="Cp1252"/>
    <property name="sun.awt.enableExtraMouseButtons" value="true"/>
    <property name="java.class.path" value="C:\Users\hp\eclipse-workspace\PetStoreAutomation\target\test-classes;C:\Users\hp\eclipse-workspace\PetStoreAutomation\target\classes;C:\Users\hp\.m2\repository\org\testng\testng\7.11.0\testng-7.11.0.jar;C:\Users\hp\.m2\repository\org\slf4j\slf4j-api\2.0.16\slf4j-api-2.0.16.jar;C:\Users\hp\.m2\repository\org\jcommander\jcommander\1.83\jcommander-1.83.jar;C:\Users\hp\.m2\repository\org\webjars\jquery\3.7.1\jquery-3.7.1.jar;C:\Users\hp\.m2\repository\io\rest-assured\rest-assured\5.5.5\rest-assured-5.5.5.jar;C:\Users\hp\.m2\repository\org\apache\groovy\groovy\4.0.22\groovy-4.0.22.jar;C:\Users\hp\.m2\repository\org\apache\groovy\groovy-xml\4.0.22\groovy-xml-4.0.22.jar;C:\Users\hp\.m2\repository\org\apache\httpcomponents\httpclient\4.5.13\httpclient-4.5.13.jar;C:\Users\hp\.m2\repository\org\apache\httpcomponents\httpcore\4.4.13\httpcore-4.4.13.jar;C:\Users\hp\.m2\repository\commons-logging\commons-logging\1.2\commons-logging-1.2.jar;C:\Users\hp\.m2\repository\org\apache\httpcomponents\httpmime\4.5.13\httpmime-4.5.13.jar;C:\Users\hp\.m2\repository\org\hamcrest\hamcrest\2.2\hamcrest-2.2.jar;C:\Users\hp\.m2\repository\org\ccil\cowan\tagsoup\tagsoup\1.2.1\tagsoup-1.2.1.jar;C:\Users\hp\.m2\repository\io\rest-assured\xml-path\5.5.5\xml-path-5.5.5.jar;C:\Users\hp\.m2\repository\io\rest-assured\json-path\5.5.5\json-path-5.5.5.jar;C:\Users\hp\.m2\repository\org\apache\groovy\groovy-json\4.0.22\groovy-json-4.0.22.jar;C:\Users\hp\.m2\repository\io\rest-assured\rest-assured-common\5.5.5\rest-assured-common-5.5.5.jar;C:\Users\hp\.m2\repository\org\json\json\20250517\json-20250517.jar;C:\Users\hp\.m2\repository\com\github\javafaker\javafaker\1.0.2\javafaker-1.0.2.jar;C:\Users\hp\.m2\repository\org\apache\commons\commons-lang3\3.5\commons-lang3-3.5.jar;C:\Users\hp\.m2\repository\org\yaml\snakeyaml\1.23\snakeyaml-1.23-android.jar;C:\Users\hp\.m2\repository\com\github\mifmif\generex\1.0.2\generex-1.0.2.jar;C:\Users\hp\.m2\repository\dk\brics\automaton\automaton\1.11-8\automaton-1.11-8.jar;C:\Users\hp\.m2\repository\org\apache\poi\poi\5.4.1\poi-5.4.1.jar;C:\Users\hp\.m2\repository\commons-codec\commons-codec\1.18.0\commons-codec-1.18.0.jar;C:\Users\hp\.m2\repository\org\apache\commons\commons-collections4\4.4\commons-collections4-4.4.jar;C:\Users\hp\.m2\repository\org\apache\commons\commons-math3\3.6.1\commons-math3-3.6.1.jar;C:\Users\hp\.m2\repository\commons-io\commons-io\2.18.0\commons-io-2.18.0.jar;C:\Users\hp\.m2\repository\com\zaxxer\SparseBitSet\1.3\SparseBitSet-1.3.jar;C:\Users\hp\.m2\repository\org\apache\poi\poi-ooxml\5.4.1\poi-ooxml-5.4.1.jar;C:\Users\hp\.m2\repository\org\apache\poi\poi-ooxml-lite\5.4.1\poi-ooxml-lite-5.4.1.jar;C:\Users\hp\.m2\repository\org\apache\xmlbeans\xmlbeans\5.3.0\xmlbeans-5.3.0.jar;C:\Users\hp\.m2\repository\org\apache\commons\commons-compress\1.27.1\commons-compress-1.27.1.jar;C:\Users\hp\.m2\repository\com\github\virtuald\curvesapi\1.08\curvesapi-1.08.jar;C:\Users\hp\.m2\repository\com\aventstack\extentreports\5.1.2\extentreports-5.1.2.jar;C:\Users\hp\.m2\repository\io\reactivex\rxjava3\rxjava\3.1.6\rxjava-3.1.6.jar;C:\Users\hp\.m2\repository\org\reactivestreams\reactive-streams\1.0.4\reactive-streams-1.0.4.jar;C:\Users\hp\.m2\repository\org\freemarker\freemarker\2.3.32\freemarker-2.3.32.jar;C:\Users\hp\.m2\repository\org\projectlombok\lombok\1.18.26\lombok-1.18.26.jar;C:\Users\hp\.m2\repository\com\google\code\gson\gson\2.10.1\gson-2.10.1.jar;C:\Users\hp\.m2\repository\com\github\scribejava\scribejava-apis\8.3.3\scribejava-apis-8.3.3.jar;C:\Users\hp\.m2\repository\com\github\scribejava\scribejava-core\8.3.3\scribejava-core-8.3.3.jar;C:\Users\hp\.m2\repository\com\github\scribejava\scribejava-java8\8.3.3\scribejava-java8-8.3.3.jar;C:\Users\hp\.m2\repository\com\fasterxml\jackson\core\jackson-databind\2.14.0\jackson-databind-2.14.0.jar;C:\Users\hp\.m2\repository\com\fasterxml\jackson\core\jackson-annotations\2.14.0\jackson-annotations-2.14.0.jar;C:\Users\hp\.m2\repository\com\fasterxml\jackson\core\jackson-core\2.14.0\jackson-core-2.14.0.jar;C:\Users\hp\.m2\repository\io\rest-assured\json-schema-validator\5.5.5\json-schema-validator-5.5.5.jar;C:\Users\hp\.m2\repository\com\github\java-json-tools\json-schema-validator\2.2.14\json-schema-validator-2.2.14.jar;C:\Users\hp\.m2\repository\com\github\java-json-tools\jackson-coreutils-equivalence\1.0\jackson-coreutils-equivalence-1.0.jar;C:\Users\hp\.m2\repository\com\github\java-json-tools\jackson-coreutils\2.0\jackson-coreutils-2.0.jar;C:\Users\hp\.m2\repository\com\github\java-json-tools\msg-simple\1.2\msg-simple-1.2.jar;C:\Users\hp\.m2\repository\com\github\java-json-tools\btf\1.3\btf-1.3.jar;C:\Users\hp\.m2\repository\com\github\java-json-tools\json-schema-core\1.2.14\json-schema-core-1.2.14.jar;C:\Users\hp\.m2\repository\com\github\java-json-tools\uri-template\0.10\uri-template-0.10.jar;C:\Users\hp\.m2\repository\org\mozilla\rhino\1.7.7.2\rhino-1.7.7.2.jar;C:\Users\hp\.m2\repository\com\sun\mail\mailapi\1.6.2\mailapi-1.6.2.jar;C:\Users\hp\.m2\repository\joda-time\joda-time\2.10.5\joda-time-2.10.5.jar;C:\Users\hp\.m2\repository\com\googlecode\libphonenumber\libphonenumber\8.11.1\libphonenumber-8.11.1.jar;C:\Users\hp\.m2\repository\com\google\code\findbugs\jsr305\3.0.2\jsr305-3.0.2.jar;C:\Users\hp\.m2\repository\net\sf\jopt-simple\jopt-simple\5.0.4\jopt-simple-5.0.4.jar;C:\Users\hp\.m2\repository\com\google\guava\guava\33.2.1-jre\guava-33.2.1-jre.jar;C:\Users\hp\.m2\repository\com\google\guava\failureaccess\1.0.2\failureaccess-1.0.2.jar;C:\Users\hp\.m2\repository\com\google\guava\listenablefuture\9999.0-empty-to-avoid-conflict-with-guava\listenablefuture-9999.0-empty-to-avoid-conflict-with-guava.jar;C:\Users\hp\.m2\repository\org\checkerframework\checker-qual\3.42.0\checker-qual-3.42.0.jar;C:\Users\hp\.m2\repository\com\google\errorprone\error_prone_annotations\2.26.1\error_prone_annotations-2.26.1.jar;C:\Users\hp\.m2\repository\com\google\j2objc\j2objc-annotations\3.0.0\j2objc-annotations-3.0.0.jar;C:\Users\hp\.m2\repository\org\apache\logging\log4j\log4j-api\2.24.3\log4j-api-2.24.3.jar;C:\Users\hp\.m2\repository\org\apache\logging\log4j\log4j-core\2.24.3\log4j-core-2.24.3.jar;"/>
    <property name="java.vm.vendor" value="Oracle Corporation"/>
    <property name="sun.arch.data.model" value="64"/>
    <property name="user.variant" value=""/>
    <property name="java.vendor.url" value="https://java.oracle.com/"/>
    <property name="user.timezone" value="Asia/Calcutta"/>
    <property name="os.name" value="Windows 11"/>
    <property name="java.vm.specification.version" value="21"/>
    <property name="sun.java.launcher" value="SUN_STANDARD"/>
    <property name="user.country" value="IN"/>
    <property name="sun.boot.library.path" value="C:\Program Files\Java\jdk-21\bin"/>
    <property name="sun.java.command" value="C:\Users\hp\AppData\Local\Temp\surefire2118327306976903923\surefirebooter-20250706002147069_3.jar C:\Users\hp\AppData\Local\Temp\surefire2118327306976903923 2025-07-06T00-21-46_807-jvmRun1 surefire-20250706002147069_1tmp surefire_0-20250706002147069_2tmp"/>
    <property name="jdk.debug" value="release"/>
    <property name="surefire.test.class.path" value="C:\Users\hp\eclipse-workspace\PetStoreAutomation\target\test-classes;C:\Users\hp\eclipse-workspace\PetStoreAutomation\target\classes;C:\Users\hp\.m2\repository\org\testng\testng\7.11.0\testng-7.11.0.jar;C:\Users\hp\.m2\repository\org\slf4j\slf4j-api\2.0.16\slf4j-api-2.0.16.jar;C:\Users\hp\.m2\repository\org\jcommander\jcommander\1.83\jcommander-1.83.jar;C:\Users\hp\.m2\repository\org\webjars\jquery\3.7.1\jquery-3.7.1.jar;C:\Users\hp\.m2\repository\io\rest-assured\rest-assured\5.5.5\rest-assured-5.5.5.jar;C:\Users\hp\.m2\repository\org\apache\groovy\groovy\4.0.22\groovy-4.0.22.jar;C:\Users\hp\.m2\repository\org\apache\groovy\groovy-xml\4.0.22\groovy-xml-4.0.22.jar;C:\Users\hp\.m2\repository\org\apache\httpcomponents\httpclient\4.5.13\httpclient-4.5.13.jar;C:\Users\hp\.m2\repository\org\apache\httpcomponents\httpcore\4.4.13\httpcore-4.4.13.jar;C:\Users\hp\.m2\repository\commons-logging\commons-logging\1.2\commons-logging-1.2.jar;C:\Users\hp\.m2\repository\org\apache\httpcomponents\httpmime\4.5.13\httpmime-4.5.13.jar;C:\Users\hp\.m2\repository\org\hamcrest\hamcrest\2.2\hamcrest-2.2.jar;C:\Users\hp\.m2\repository\org\ccil\cowan\tagsoup\tagsoup\1.2.1\tagsoup-1.2.1.jar;C:\Users\hp\.m2\repository\io\rest-assured\xml-path\5.5.5\xml-path-5.5.5.jar;C:\Users\hp\.m2\repository\io\rest-assured\json-path\5.5.5\json-path-5.5.5.jar;C:\Users\hp\.m2\repository\org\apache\groovy\groovy-json\4.0.22\groovy-json-4.0.22.jar;C:\Users\hp\.m2\repository\io\rest-assured\rest-assured-common\5.5.5\rest-assured-common-5.5.5.jar;C:\Users\hp\.m2\repository\org\json\json\20250517\json-20250517.jar;C:\Users\hp\.m2\repository\com\github\javafaker\javafaker\1.0.2\javafaker-1.0.2.jar;C:\Users\hp\.m2\repository\org\apache\commons\commons-lang3\3.5\commons-lang3-3.5.jar;C:\Users\hp\.m2\repository\org\yaml\snakeyaml\1.23\snakeyaml-1.23-android.jar;C:\Users\hp\.m2\repository\com\github\mifmif\generex\1.0.2\generex-1.0.2.jar;C:\Users\hp\.m2\repository\dk\brics\automaton\automaton\1.11-8\automaton-1.11-8.jar;C:\Users\hp\.m2\repository\org\apache\poi\poi\5.4.1\poi-5.4.1.jar;C:\Users\hp\.m2\repository\commons-codec\commons-codec\1.18.0\commons-codec-1.18.0.jar;C:\Users\hp\.m2\repository\org\apache\commons\commons-collections4\4.4\commons-collections4-4.4.jar;C:\Users\hp\.m2\repository\org\apache\commons\commons-math3\3.6.1\commons-math3-3.6.1.jar;C:\Users\hp\.m2\repository\commons-io\commons-io\2.18.0\commons-io-2.18.0.jar;C:\Users\hp\.m2\repository\com\zaxxer\SparseBitSet\1.3\SparseBitSet-1.3.jar;C:\Users\hp\.m2\repository\org\apache\poi\poi-ooxml\5.4.1\poi-ooxml-5.4.1.jar;C:\Users\hp\.m2\repository\org\apache\poi\poi-ooxml-lite\5.4.1\poi-ooxml-lite-5.4.1.jar;C:\Users\hp\.m2\repository\org\apache\xmlbeans\xmlbeans\5.3.0\xmlbeans-5.3.0.jar;C:\Users\hp\.m2\repository\org\apache\commons\commons-compress\1.27.1\commons-compress-1.27.1.jar;C:\Users\hp\.m2\repository\com\github\virtuald\curvesapi\1.08\curvesapi-1.08.jar;C:\Users\hp\.m2\repository\com\aventstack\extentreports\5.1.2\extentreports-5.1.2.jar;C:\Users\hp\.m2\repository\io\reactivex\rxjava3\rxjava\3.1.6\rxjava-3.1.6.jar;C:\Users\hp\.m2\repository\org\reactivestreams\reactive-streams\1.0.4\reactive-streams-1.0.4.jar;C:\Users\hp\.m2\repository\org\freemarker\freemarker\2.3.32\freemarker-2.3.32.jar;C:\Users\hp\.m2\repository\org\projectlombok\lombok\1.18.26\lombok-1.18.26.jar;C:\Users\hp\.m2\repository\com\google\code\gson\gson\2.10.1\gson-2.10.1.jar;C:\Users\hp\.m2\repository\com\github\scribejava\scribejava-apis\8.3.3\scribejava-apis-8.3.3.jar;C:\Users\hp\.m2\repository\com\github\scribejava\scribejava-core\8.3.3\scribejava-core-8.3.3.jar;C:\Users\hp\.m2\repository\com\github\scribejava\scribejava-java8\8.3.3\scribejava-java8-8.3.3.jar;C:\Users\hp\.m2\repository\com\fasterxml\jackson\core\jackson-databind\2.14.0\jackson-databind-2.14.0.jar;C:\Users\hp\.m2\repository\com\fasterxml\jackson\core\jackson-annotations\2.14.0\jackson-annotations-2.14.0.jar;C:\Users\hp\.m2\repository\com\fasterxml\jackson\core\jackson-core\2.14.0\jackson-core-2.14.0.jar;C:\Users\hp\.m2\repository\io\rest-assured\json-schema-validator\5.5.5\json-schema-validator-5.5.5.jar;C:\Users\hp\.m2\repository\com\github\java-json-tools\json-schema-validator\2.2.14\json-schema-validator-2.2.14.jar;C:\Users\hp\.m2\repository\com\github\java-json-tools\jackson-coreutils-equivalence\1.0\jackson-coreutils-equivalence-1.0.jar;C:\Users\hp\.m2\repository\com\github\java-json-tools\jackson-coreutils\2.0\jackson-coreutils-2.0.jar;C:\Users\hp\.m2\repository\com\github\java-json-tools\msg-simple\1.2\msg-simple-1.2.jar;C:\Users\hp\.m2\repository\com\github\java-json-tools\btf\1.3\btf-1.3.jar;C:\Users\hp\.m2\repository\com\github\java-json-tools\json-schema-core\1.2.14\json-schema-core-1.2.14.jar;C:\Users\hp\.m2\repository\com\github\java-json-tools\uri-template\0.10\uri-template-0.10.jar;C:\Users\hp\.m2\repository\org\mozilla\rhino\1.7.7.2\rhino-1.7.7.2.jar;C:\Users\hp\.m2\repository\com\sun\mail\mailapi\1.6.2\mailapi-1.6.2.jar;C:\Users\hp\.m2\repository\joda-time\joda-time\2.10.5\joda-time-2.10.5.jar;C:\Users\hp\.m2\repository\com\googlecode\libphonenumber\libphonenumber\8.11.1\libphonenumber-8.11.1.jar;C:\Users\hp\.m2\repository\com\google\code\findbugs\jsr305\3.0.2\jsr305-3.0.2.jar;C:\Users\hp\.m2\repository\net\sf\jopt-simple\jopt-simple\5.0.4\jopt-simple-5.0.4.jar;C:\Users\hp\.m2\repository\com\google\guava\guava\33.2.1-jre\guava-33.2.1-jre.jar;C:\Users\hp\.m2\repository\com\google\guava\failureaccess\1.0.2\failureaccess-1.0.2.jar;C:\Users\hp\.m2\repository\com\google\guava\listenablefuture\9999.0-empty-to-avoid-conflict-with-guava\listenablefuture-9999.0-empty-to-avoid-conflict-with-guava.jar;C:\Users\hp\.m2\repository\org\checkerframework\checker-qual\3.42.0\checker-qual-3.42.0.jar;C:\Users\hp\.m2\repository\com\google\errorprone\error_prone_annotations\2.26.1\error_prone_annotations-2.26.1.jar;C:\Users\hp\.m2\repository\com\google\j2objc\j2objc-annotations\3.0.0\j2objc-annotations-3.0.0.jar;C:\Users\hp\.m2\repository\org\apache\logging\log4j\log4j-api\2.24.3\log4j-api-2.24.3.jar;C:\Users\hp\.m2\repository\org\apache\logging\log4j\log4j-core\2.24.3\log4j-core-2.24.3.jar;"/>
    <property name="sun.cpu.endian" value="little"/>
    <property name="user.home" value="C:\Users\hp"/>
    <property name="user.language" value="en"/>
    <property name="java.specification.vendor" value="Oracle Corporation"/>
    <property name="java.version.date" value="2025-01-21"/>
    <property name="java.home" value="C:\Program Files\Java\jdk-21"/>
    <property name="file.separator" value="\"/>
    <property name="basedir" value="C:\Users\hp\eclipse-workspace\PetStoreAutomation"/>
    <property name="style.color" value="always"/>
    <property name="java.vm.compressedOopsMode" value="Zero based"/>
    <property name="line.separator" value="&#10;"/>
    <property name="java.vm.specification.vendor" value="Oracle Corporation"/>
    <property name="java.specification.name" value="Java Platform API Specification"/>
    <property name="surefire.real.class.path" value="C:\Users\hp\AppData\Local\Temp\surefire2118327306976903923\surefirebooter-20250706002147069_3.jar"/>
    <property name="user.script" value=""/>
    <property name="sun.management.compiler" value="HotSpot 64-Bit Tiered Compilers"/>
    <property name="java.runtime.version" value="21.0.6+8-LTS-188"/>
    <property name="user.name" value="hp"/>
    <property name="stdout.encoding" value="Cp1252"/>
    <property name="path.separator" value=";"/>
    <property name="os.version" value="10.0"/>
    <property name="java.runtime.name" value="Java(TM) SE Runtime Environment"/>
    <property name="file.encoding" value="UTF-8"/>
    <property name="java.vm.name" value="Java HotSpot(TM) 64-Bit Server VM"/>
    <property name="localRepository" value="C:\Users\hp\.m2\repository"/>
    <property name="java.vendor.url.bug" value="https://bugreport.java.com/bugreport/"/>
    <property name="java.io.tmpdir" value="C:\Users\hp\AppData\Local\Temp\"/>
    <property name="java.version" value="21.0.6"/>
    <property name="user.dir" value="C:\Users\hp\eclipse-workspace\PetStoreAutomation"/>
    <property name="os.arch" value="amd64"/>
    <property name="java.vm.specification.name" value="Java Virtual Machine Specification"/>
    <property name="sun.os.patch.level" value=""/>
    <property name="native.encoding" value="Cp1252"/>
    <property name="java.library.path" value="C:\Program Files\Java\jdk-21\bin;C:\WINDOWS\Sun\Java\bin;C:\WINDOWS\system32;C:\WINDOWS;C:\Program Files\Common Files\Oracle\Java\javapath;C:\WINDOWS\system32;C:\WINDOWS;C:\WINDOWS\System32\Wbem;C:\WINDOWS\System32\WindowsPowerShell\v1.0\;C:\WINDOWS\System32\OpenSSH\;C:\Program Files\Java\jdk-21\bin;C:\Maven\apache-maven-3.9.9\bin;C:\Program Files\Git\cmd;C:\Users\hp\AppData\Local\Programs\Python\Python313\Scripts\;C:\Users\hp\AppData\Local\Programs\Python\Python313\;C:\Users\hp\AppData\Local\Microsoft\WindowsApps;C:\Program Files\JetBrains\IntelliJ IDEA Community Edition 2024.3.2.2\bin;;C:\Program Files\JetBrains\PyCharm Community Edition 2024.3.2\bin;;C:\Maven\apache-maven-3.9.9\bin;C:\Program Files\Java\jdk-21\bin;C:\Users\hp\AppData\Local\Programs\Microsoft VS Code\bin;."/>
    <property name="java.vm.info" value="mixed mode, sharing"/>
    <property name="stderr.encoding" value="Cp1252"/>
    <property name="java.vendor" value="Oracle Corporation"/>
    <property name="java.vm.version" value="21.0.6+8-LTS-188"/>
    <property name="sun.io.unicode.encoding" value="UnicodeLittle"/>
    <property name="java.class.version" value="65.0"/>
  </properties>
  <testcase name="test_DDT_createUser[2010, testuser1, John, Canedy, a@gmail.com, test@1, 8687809765](1)" classname="api.tests.DDTests" time="3.921">
    <system-out><![CDATA[00:21:50.557 [TestNG-test-Test-1] DEBUG org.apache.poi.openxml4j.opc.PackageRelationshipCollection - Parsing relationship: /xl/_rels/workbook.xml.rels
00:21:50.575 [TestNG-test-Test-1] DEBUG org.apache.poi.openxml4j.opc.PackageRelationshipCollection - Parsing relationship: /_rels/.rels
00:21:50.751 [TestNG-test-Test-3] INFO  api.tests.UserTests2 - ****************************************************************
00:21:50.751 [TestNG-test-Test-2] INFO  api.tests.UserTests - ****************************************************************
00:21:50.752 [TestNG-test-Test-3] INFO  api.tests.UserTests2 - ***********<<<<<Starting test_createUser>>>>>*******************
00:21:50.752 [TestNG-test-Test-2] INFO  api.tests.UserTests - ***********<<<<<Starting test_createUser>>>>>*******************
00:21:50.753 [TestNG-test-Test-3] INFO  api.tests.UserTests2 - Sending POST request to create a new user
00:21:50.753 [TestNG-test-Test-2] INFO  api.tests.UserTests - Sending POST request to create a new user
00:21:52.184 [TestNG-test-Test-1] DEBUG org.apache.poi.openxml4j.opc.PackageRelationshipCollection - Parsing relationship: /xl/_rels/workbook.xml.rels
00:21:52.186 [TestNG-test-Test-1] DEBUG org.apache.poi.openxml4j.opc.PackageRelationshipCollection - Parsing relationship: /_rels/.rels
00:21:52.250 [TestNG-test-Test-1] DEBUG org.apache.poi.openxml4j.opc.PackageRelationshipCollection - Parsing relationship: /xl/_rels/workbook.xml.rels
00:21:52.252 [TestNG-test-Test-1] DEBUG org.apache.poi.openxml4j.opc.PackageRelationshipCollection - Parsing relationship: /_rels/.rels
00:21:52.371 [TestNG-test-Test-1] DEBUG org.apache.poi.openxml4j.opc.PackageRelationshipCollection - Parsing relationship: /xl/_rels/workbook.xml.rels
00:21:52.373 [TestNG-test-Test-1] DEBUG org.apache.poi.openxml4j.opc.PackageRelationshipCollection - Parsing relationship: /_rels/.rels
00:21:52.434 [TestNG-test-Test-1] DEBUG org.apache.poi.openxml4j.opc.PackageRelationshipCollection - Parsing relationship: /xl/_rels/workbook.xml.rels
00:21:52.462 [TestNG-test-Test-1] DEBUG org.apache.poi.openxml4j.opc.PackageRelationshipCollection - Parsing relationship: /_rels/.rels
00:21:52.515 [TestNG-test-Test-1] DEBUG org.apache.poi.openxml4j.opc.PackageRelationshipCollection - Parsing relationship: /xl/_rels/workbook.xml.rels
00:21:52.518 [TestNG-test-Test-1] DEBUG org.apache.poi.openxml4j.opc.PackageRelationshipCollection - Parsing relationship: /_rels/.rels
00:21:52.570 [TestNG-test-Test-1] DEBUG org.apache.poi.openxml4j.opc.PackageRelationshipCollection - Parsing relationship: /xl/_rels/workbook.xml.rels
00:21:52.573 [TestNG-test-Test-1] DEBUG org.apache.poi.openxml4j.opc.PackageRelationshipCollection - Parsing relationship: /_rels/.rels
00:21:52.626 [TestNG-test-Test-1] DEBUG org.apache.poi.openxml4j.opc.PackageRelationshipCollection - Parsing relationship: /xl/_rels/workbook.xml.rels
00:21:52.629 [TestNG-test-Test-1] DEBUG org.apache.poi.openxml4j.opc.PackageRelationshipCollection - Parsing relationship: /_rels/.rels
00:21:52.687 [TestNG-test-Test-1] DEBUG org.apache.poi.openxml4j.opc.PackageRelationshipCollection - Parsing relationship: /xl/_rels/workbook.xml.rels
00:21:52.689 [TestNG-test-Test-1] DEBUG org.apache.poi.openxml4j.opc.PackageRelationshipCollection - Parsing relationship: /_rels/.rels
00:21:52.730 [TestNG-test-Test-1] DEBUG org.apache.poi.openxml4j.opc.PackageRelationshipCollection - Parsing relationship: /xl/_rels/workbook.xml.rels
00:21:52.732 [TestNG-test-Test-1] DEBUG org.apache.poi.openxml4j.opc.PackageRelationshipCollection - Parsing relationship: /_rels/.rels
00:21:52.766 [TestNG-test-Test-1] DEBUG org.apache.poi.openxml4j.opc.PackageRelationshipCollection - Parsing relationship: /xl/_rels/workbook.xml.rels
00:21:52.768 [TestNG-test-Test-1] DEBUG org.apache.poi.openxml4j.opc.PackageRelationshipCollection - Parsing relationship: /_rels/.rels
00:21:52.800 [TestNG-test-Test-1] DEBUG org.apache.poi.openxml4j.opc.PackageRelationshipCollection - Parsing relationship: /xl/_rels/workbook.xml.rels
00:21:52.802 [TestNG-test-Test-1] DEBUG org.apache.poi.openxml4j.opc.PackageRelationshipCollection - Parsing relationship: /_rels/.rels
00:21:52.838 [TestNG-test-Test-1] DEBUG org.apache.poi.openxml4j.opc.PackageRelationshipCollection - Parsing relationship: /xl/_rels/workbook.xml.rels
00:21:52.840 [TestNG-test-Test-1] DEBUG org.apache.poi.openxml4j.opc.PackageRelationshipCollection - Parsing relationship: /_rels/.rels
00:21:52.872 [TestNG-test-Test-1] DEBUG org.apache.poi.openxml4j.opc.PackageRelationshipCollection - Parsing relationship: /xl/_rels/workbook.xml.rels
00:21:52.874 [TestNG-test-Test-1] DEBUG org.apache.poi.openxml4j.opc.PackageRelationshipCollection - Parsing relationship: /_rels/.rels
00:21:52.905 [TestNG-test-Test-1] DEBUG org.apache.poi.openxml4j.opc.PackageRelationshipCollection - Parsing relationship: /xl/_rels/workbook.xml.rels
00:21:52.907 [TestNG-test-Test-1] DEBUG org.apache.poi.openxml4j.opc.PackageRelationshipCollection - Parsing relationship: /_rels/.rels
00:21:52.942 [TestNG-test-Test-1] DEBUG org.apache.poi.openxml4j.opc.PackageRelationshipCollection - Parsing relationship: /xl/_rels/workbook.xml.rels
00:21:52.944 [TestNG-test-Test-1] DEBUG org.apache.poi.openxml4j.opc.PackageRelationshipCollection - Parsing relationship: /_rels/.rels
00:21:52.975 [TestNG-test-Test-1] DEBUG org.apache.poi.openxml4j.opc.PackageRelationshipCollection - Parsing relationship: /xl/_rels/workbook.xml.rels
00:21:52.976 [TestNG-test-Test-1] DEBUG org.apache.poi.openxml4j.opc.PackageRelationshipCollection - Parsing relationship: /_rels/.rels
00:21:53.008 [TestNG-test-Test-1] DEBUG org.apache.poi.openxml4j.opc.PackageRelationshipCollection - Parsing relationship: /xl/_rels/workbook.xml.rels
00:21:53.010 [TestNG-test-Test-1] DEBUG org.apache.poi.openxml4j.opc.PackageRelationshipCollection - Parsing relationship: /_rels/.rels
00:21:53.046 [TestNG-test-Test-1] DEBUG org.apache.poi.openxml4j.opc.PackageRelationshipCollection - Parsing relationship: /xl/_rels/workbook.xml.rels
00:21:53.048 [TestNG-test-Test-1] DEBUG org.apache.poi.openxml4j.opc.PackageRelationshipCollection - Parsing relationship: /_rels/.rels
00:21:53.081 [TestNG-test-Test-1] DEBUG org.apache.poi.openxml4j.opc.PackageRelationshipCollection - Parsing relationship: /xl/_rels/workbook.xml.rels
00:21:53.083 [TestNG-test-Test-1] DEBUG org.apache.poi.openxml4j.opc.PackageRelationshipCollection - Parsing relationship: /_rels/.rels
00:21:53.113 [TestNG-test-Test-1] DEBUG org.apache.poi.openxml4j.opc.PackageRelationshipCollection - Parsing relationship: /xl/_rels/workbook.xml.rels
00:21:53.114 [TestNG-test-Test-1] DEBUG org.apache.poi.openxml4j.opc.PackageRelationshipCollection - Parsing relationship: /_rels/.rels
00:21:53.144 [TestNG-test-Test-1] DEBUG org.apache.poi.openxml4j.opc.PackageRelationshipCollection - Parsing relationship: /xl/_rels/workbook.xml.rels
00:21:53.146 [TestNG-test-Test-1] DEBUG org.apache.poi.openxml4j.opc.PackageRelationshipCollection - Parsing relationship: /_rels/.rels
00:21:53.173 [TestNG-test-Test-1] DEBUG org.apache.poi.openxml4j.opc.PackageRelationshipCollection - Parsing relationship: /xl/_rels/workbook.xml.rels
00:21:53.175 [TestNG-test-Test-1] DEBUG org.apache.poi.openxml4j.opc.PackageRelationshipCollection - Parsing relationship: /_rels/.rels
00:21:53.211 [TestNG-test-Test-1] INFO  api.tests.DDTests - ***************Starting DDT create user tests***************
00:21:57.045 [TestNG-test-Test-2] INFO  api.tests.UserTests - Asserting response field types
00:21:57.045 [TestNG-test-Test-3] INFO  api.tests.UserTests2 - Asserting response field types
HTTP/1.1 200 OK
Date: Sat, 05 Jul 2025 18:51:59 GMT
Content-Type: application/json
Transfer-Encoding: chunked
Connection: keep-alive
Access-Control-Allow-Origin: *
Access-Control-Allow-Methods: GET, POST, DELETE, PUT
Access-Control-Allow-Headers: Content-Type, api_key, Authorization
Server: Jetty(9.2.9.v20150224)

{
    "code": 200,
    "type": "unknown",
    "message": "2010"
}
00:21:57.115 [TestNG-test-Test-1] INFO  api.tests.DDTests - ***************Finished DDT create user tests***************
]]></system-out>
    <system-err><![CDATA[SLF4J(W): No SLF4J providers were found.
SLF4J(W): Defaulting to no-operation (NOP) logger implementation
SLF4J(W): See https://www.slf4j.org/codes.html#noProviders for further details.
]]></system-err>
  </testcase>
  <testcase name="test_DDT_createUser[2011, testuser2, Kim, Kom, b@gmail.com, test@2, 8687809565](2)" classname="api.tests.DDTests" time="1.316">
    <system-out><![CDATA[00:21:57.125 [TestNG-test-Test-1] INFO  api.tests.DDTests - ***************Starting DDT create user tests***************
HTTP/1.1 200 OK
Date: Sat, 05 Jul 2025 18:52:00 GMT
Content-Type: application/json
Transfer-Encoding: chunked
Connection: keep-alive
Access-Control-Allow-Origin: *
Access-Control-Allow-Methods: GET, POST, DELETE, PUT
Access-Control-Allow-Headers: Content-Type, api_key, Authorization
Server: Jetty(9.2.9.v20150224)

{
    "code": 200,
    "type": "unknown",
    "message": "2011"
}
00:21:58.442 [TestNG-test-Test-1] INFO  api.tests.DDTests - ***************Finished DDT create user tests***************
]]></system-out>
  </testcase>
  <testcase name="test_DDT_createUser[2012, testuser3, Smith, Steve, c@gmail.com, test@3, 8687309765](3)" classname="api.tests.DDTests" time="0.824">
    <system-out><![CDATA[00:21:58.865 [TestNG-test-Test-2] INFO  api.tests.UserTests - ***** Starting test_getUserByName *****
00:21:58.865 [TestNG-test-Test-3] INFO  api.tests.UserTests2 - ***** Starting test_getUserByName *****
HTTP/1.1 200 OK
Date: Sat, 05 Jul 2025 18:52:02 GMT
Content-Type: application/json
Transfer-Encoding: chunked
Connection: keep-alive
Access-Control-Allow-Origin: *
Access-Control-Allow-Methods: GET, POST, DELETE, PUT
Access-Control-Allow-Headers: Content-Type, api_key, Authorization
Server: Jetty(9.2.9.v20150224)

{
    "code": 200,
    "type": "unknown",
    "message": "2012"
}
00:21:59.686 [TestNG-test-Test-1] INFO  api.tests.DDTests - ***************Finished DDT create user tests***************
]]></system-out>
  </testcase>
  <testcase name="test_DDT_deleteUsers[testuser1](1)" classname="api.tests.DDTests" time="1.009">
    <system-out><![CDATA[00:22:00.201 [TestNG-test-Test-3] INFO  api.tests.UserTests2 - ***** Starting test_getUserByName *****
00:22:00.201 [TestNG-test-Test-2] INFO  api.tests.UserTests - ***** Starting test_getUserByName *****
]]></system-out>
  </testcase>
  <testcase name="test_DDT_deleteUsers[testuser2](2)" classname="api.tests.DDTests" time="1.14">
    <system-out><![CDATA[00:22:01.699 [TestNG-test-Test-3] INFO  api.tests.UserTests2 - ********************************************
00:22:01.699 [TestNG-test-Test-3] INFO  api.tests.UserTests2 - ***** Starting test_updateUser *****
00:22:01.702 [TestNG-test-Test-2] INFO  api.tests.UserTests - ********************************************
00:22:01.703 [TestNG-test-Test-2] INFO  api.tests.UserTests - ***** Starting test_updateUser *****
]]></system-out>
  </testcase>
  <testcase name="test_DDT_deleteUsers[testuser3](3)" classname="api.tests.DDTests" time="0.906"/>
  <testcase name="test_createUser" classname="api.tests.UserTests2" time="0.418">
    <system-out><![CDATA[00:21:58.446 [TestNG-test-Test-1] INFO  api.tests.DDTests - ***************Starting DDT create user tests***************
00:21:58.861 [TestNG-test-Test-3] INFO  api.tests.UserTests2 - ***** Finished test_createUser *****
00:21:58.861 [TestNG-test-Test-2] INFO  api.tests.UserTests - ***** Finished test_createUser *****
00:21:58.862 [TestNG-test-Test-3] INFO  api.tests.UserTests2 - ********************************************
00:21:58.862 [TestNG-test-Test-2] INFO  api.tests.UserTests - ********************************************
]]></system-out>
  </testcase>
  <testcase name="test_getUserByName" classname="api.tests.UserTests2" time="0.0">
    <skipped message="JSONObject[&quot;id&quot;] not found."/>
  </testcase>
  <testcase name="test_getUserByName" classname="api.tests.UserTests2" time="0.486">
    <system-out><![CDATA[00:22:01.512 [TestNG-test-Test-2] INFO  api.tests.UserTests - Response body: {"id":84631035,"username":"minta.torp","firstName":"Porsche","lastName":"Hegmann","email":"della.bahringer@example.com","password":"j4rzdenz7g","phone":"(443) 733-4970","userStatus":0}
00:22:01.512 [TestNG-test-Test-3] INFO  api.tests.UserTests2 - Response body: {"id":1179789759,"username":"ozie.olson","firstName":"Tinisha","lastName":"Runte","email":"sherika.cummings@example.com","password":"89xevir4j545n4z","phone":"425.498.1789","userStatus":0}
00:22:01.695 [TestNG-test-Test-3] INFO  api.tests.UserTests2 - ***** Finished test_getUserByName *****
00:22:01.696 [TestNG-test-Test-2] INFO  api.tests.UserTests - ***** Finished test_getUserByName *****
]]></system-out>
  </testcase>
  <testcase name="test_updateUserByName" classname="api.tests.UserTests2" time="0.628">
    <system-out><![CDATA[00:22:03.467 [TestNG-test-Test-3] INFO  api.tests.UserTests2 - ***** Finished test_updateUser *****
00:22:03.467 [TestNG-test-Test-2] INFO  api.tests.UserTests - ***** Finished test_updateUser *****
00:22:03.468 [TestNG-test-Test-3] INFO  api.tests.UserTests2 - ********************************************
00:22:03.468 [TestNG-test-Test-2] INFO  api.tests.UserTests - ********************************************
]]></system-out>
  </testcase>
  <testcase name="test_deleteUserByName" classname="api.tests.UserTests2" time="1.447">
    <system-out><![CDATA[HTTP/1.1 200 OK
Date: Sat, 05 Jul 2025 18:52:07 GMT
Content-Type: application/json
Transfer-Encoding: chunked
Connection: keep-alive
Access-Control-Allow-Origin: *
Access-Control-Allow-Methods: GET, POST, DELETE, PUT
Access-Control-Allow-Headers: Content-Type, api_key, Authorization
Server: Jetty(9.2.9.v20150224)

{
    "code": 200,
    "type": "unknown",
    "message": "ozie.olson"
}
]]></system-out>
  </testcase>
  <testcase name="test_loginUser" classname="api.tests.UserTests2" time="0.984">
    <system-out><![CDATA[00:22:05.624 [TestNG-test-Test-2] INFO  api.tests.UserTests - ********************************************
00:22:05.624 [TestNG-test-Test-2] INFO  api.tests.UserTests - ********* Starting test_loginUser **********
00:22:06.596 [TestNG-test-Test-3] INFO  api.tests.UserTests2 - Asserting that the response matches the JSON schema from C:\Users\hp\eclipse-workspace\PetStoreAutomation\test-data\getUserLoginSchema.json
00:22:06.605 [TestNG-test-Test-3] INFO  api.tests.UserTests2 - ***** Finished test_loginUser***************
00:22:06.606 [TestNG-test-Test-3] INFO  api.tests.UserTests2 - ********************************************
]]></system-out>
  </testcase>
  <testcase name="test_logoutUser" classname="api.tests.UserTests2" time="0.798">
    <system-out><![CDATA[00:22:07.174 [TestNG-test-Test-2] INFO  api.tests.UserTests - ********************************************
00:22:07.174 [TestNG-test-Test-2] INFO  api.tests.UserTests - ******** Starting test_logoutUser***********
00:22:07.969 [TestNG-test-Test-3] INFO  api.tests.UserTests2 - ***** Finished test_logoutUser *****
00:22:07.969 [TestNG-test-Test-3] INFO  api.tests.UserTests2 - ************************************
]]></system-out>
  </testcase>
  <testcase name="test_createUser" classname="api.tests.UserTests" time="0.418"/>
  <testcase name="test_getUserByName" classname="api.tests.UserTests" time="0.0">
    <skipped message="JSONObject[&quot;id&quot;] not found."/>
    <system-out><![CDATA[00:21:59.702 [TestNG-test-Test-1] DEBUG org.apache.poi.openxml4j.opc.PackageRelationshipCollection - Parsing relationship: /xl/_rels/workbook.xml.rels
00:21:59.705 [TestNG-test-Test-1] DEBUG org.apache.poi.openxml4j.opc.PackageRelationshipCollection - Parsing relationship: /_rels/.rels
00:21:59.749 [TestNG-test-Test-1] DEBUG org.apache.poi.openxml4j.opc.PackageRelationshipCollection - Parsing relationship: /xl/_rels/workbook.xml.rels
00:21:59.770 [TestNG-test-Test-1] DEBUG org.apache.poi.openxml4j.opc.PackageRelationshipCollection - Parsing relationship: /_rels/.rels
00:21:59.812 [TestNG-test-Test-1] DEBUG org.apache.poi.openxml4j.opc.PackageRelationshipCollection - Parsing relationship: /xl/_rels/workbook.xml.rels
00:21:59.814 [TestNG-test-Test-1] DEBUG org.apache.poi.openxml4j.opc.PackageRelationshipCollection - Parsing relationship: /_rels/.rels
00:21:59.854 [TestNG-test-Test-1] DEBUG org.apache.poi.openxml4j.opc.PackageRelationshipCollection - Parsing relationship: /xl/_rels/workbook.xml.rels
00:21:59.890 [TestNG-test-Test-1] DEBUG org.apache.poi.openxml4j.opc.PackageRelationshipCollection - Parsing relationship: /_rels/.rels
00:22:00.185 [TestNG-test-Test-3] INFO  api.tests.UserTests2 - Response body: {"code":1,"type":"error","message":"User not found"}
00:22:00.185 [TestNG-test-Test-2] INFO  api.tests.UserTests - Response body: {"code":1,"type":"error","message":"User not found"}
00:22:00.186 [TestNG-test-Test-3] ERROR api.tests.UserTests2 - Unexpected exception occurred: JSONObject["id"] not found.
00:22:00.186 [TestNG-test-Test-2] ERROR api.tests.UserTests - Unexpected exception occurred: JSONObject["id"] not found.
00:22:00.187 [TestNG-test-Test-3] INFO  api.tests.UserTests2 - ***** Finished test_getUserByName *****
00:22:00.187 [TestNG-test-Test-2] INFO  api.tests.UserTests - ***** Finished test_getUserByName *****
]]></system-out>
  </testcase>
  <testcase name="test_getUserByName" classname="api.tests.UserTests" time="0.0"/>
  <testcase name="test_updateUserByName" classname="api.tests.UserTests" time="0.629"/>
  <testcase name="test_deleteUserByName" classname="api.tests.UserTests" time="0.699">
    <system-out><![CDATA[00:22:04.921 [TestNG-test-Test-3] INFO  api.tests.UserTests2 - ********************************************
00:22:04.921 [TestNG-test-Test-3] INFO  api.tests.UserTests2 - ********* Starting test_loginUser **********
HTTP/1.1 200 OK
Date: Sat, 05 Jul 2025 18:52:08 GMT
Content-Type: application/json
Transfer-Encoding: chunked
Connection: keep-alive
Access-Control-Allow-Origin: *
Access-Control-Allow-Methods: GET, POST, DELETE, PUT
Access-Control-Allow-Headers: Content-Type, api_key, Authorization
Server: Jetty(9.2.9.v20150224)

{
    "code": 200,
    "type": "unknown",
    "message": "minta.torp"
}
]]></system-out>
  </testcase>
  <testcase name="test_loginUser" classname="api.tests.UserTests" time="0.563">
    <system-out><![CDATA[00:22:06.609 [TestNG-test-Test-3] INFO  api.tests.UserTests2 - ********************************************
00:22:06.610 [TestNG-test-Test-3] INFO  api.tests.UserTests2 - ******** Starting test_logoutUser***********
00:22:07.155 [TestNG-test-Test-2] INFO  api.tests.UserTests - Asserting that the response matches the JSON schema from C:\Users\hp\eclipse-workspace\PetStoreAutomation\test-data\getUserLoginSchema.json
00:22:07.169 [TestNG-test-Test-2] INFO  api.tests.UserTests - ***** Finished test_loginUser***************
00:22:07.169 [TestNG-test-Test-2] INFO  api.tests.UserTests - ********************************************
]]></system-out>
  </testcase>
  <testcase name="test_logoutUser" classname="api.tests.UserTests" time="1.392">
    <system-out><![CDATA[00:22:08.526 [TestNG-test-Test-2] INFO  api.tests.UserTests - ***** Finished test_logoutUser *****
00:22:08.526 [TestNG-test-Test-2] INFO  api.tests.UserTests - ************************************
]]></system-out>
  </testcase>
</testsuite>