<?xml version="1.0" encoding="UTF-8"?>
<testsuite xmlns:xsi="http://www.w3.org/2001/XMLSchema-instance" xsi:noNamespaceSchemaLocation="https://maven.apache.org/surefire/maven-surefire-plugin/xsd/surefire-test-report.xsd" version="3.0.2" name="TestSuite" time="15.092" tests="20" errors="0" skipped="2" failures="0">
  <properties>
    <property name="java.specification.version" value="21"/>
    <property name="sun.cpu.isalist" value="amd64"/>
    <property name="sun.jnu.encoding" value="Cp1252"/>
    <property name="sun.awt.enableExtraMouseButtons" value="true"/>
    <property name="java.class.path" value="C:\Users\ubaidullah.bawa\eclipse-workspace\PetStoreAutomation\target\test-classes;C:\Users\ubaidullah.bawa\eclipse-workspace\PetStoreAutomation\target\classes;C:\Users\ubaidullah.bawa\.m2\repository\org\testng\testng\7.11.0\testng-7.11.0.jar;C:\Users\ubaidullah.bawa\.m2\repository\org\slf4j\slf4j-api\2.0.16\slf4j-api-2.0.16.jar;C:\Users\ubaidullah.bawa\.m2\repository\org\jcommander\jcommander\1.83\jcommander-1.83.jar;C:\Users\ubaidullah.bawa\.m2\repository\org\webjars\jquery\3.7.1\jquery-3.7.1.jar;C:\Users\ubaidullah.bawa\.m2\repository\io\rest-assured\rest-assured\5.5.5\rest-assured-5.5.5.jar;C:\Users\ubaidullah.bawa\.m2\repository\org\apache\groovy\groovy\4.0.22\groovy-4.0.22.jar;C:\Users\ubaidullah.bawa\.m2\repository\org\apache\groovy\groovy-xml\4.0.22\groovy-xml-4.0.22.jar;C:\Users\ubaidullah.bawa\.m2\repository\org\apache\httpcomponents\httpclient\4.5.13\httpclient-4.5.13.jar;C:\Users\ubaidullah.bawa\.m2\repository\org\apache\httpcomponents\httpcore\4.4.13\httpcore-4.4.13.jar;C:\Users\ubaidullah.bawa\.m2\repository\commons-logging\commons-logging\1.2\commons-logging-1.2.jar;C:\Users\ubaidullah.bawa\.m2\repository\org\apache\httpcomponents\httpmime\4.5.13\httpmime-4.5.13.jar;C:\Users\ubaidullah.bawa\.m2\repository\org\hamcrest\hamcrest\2.2\hamcrest-2.2.jar;C:\Users\ubaidullah.bawa\.m2\repository\org\ccil\cowan\tagsoup\tagsoup\1.2.1\tagsoup-1.2.1.jar;C:\Users\ubaidullah.bawa\.m2\repository\io\rest-assured\xml-path\5.5.5\xml-path-5.5.5.jar;C:\Users\ubaidullah.bawa\.m2\repository\io\rest-assured\json-path\5.5.5\json-path-5.5.5.jar;C:\Users\ubaidullah.bawa\.m2\repository\org\apache\groovy\groovy-json\4.0.22\groovy-json-4.0.22.jar;C:\Users\ubaidullah.bawa\.m2\repository\io\rest-assured\rest-assured-common\5.5.5\rest-assured-common-5.5.5.jar;C:\Users\ubaidullah.bawa\.m2\repository\org\json\json\20250517\json-20250517.jar;C:\Users\ubaidullah.bawa\.m2\repository\com\github\javafaker\javafaker\1.0.2\javafaker-1.0.2.jar;C:\Users\ubaidullah.bawa\.m2\repository\org\apache\commons\commons-lang3\3.5\commons-lang3-3.5.jar;C:\Users\ubaidullah.bawa\.m2\repository\org\yaml\snakeyaml\1.23\snakeyaml-1.23-android.jar;C:\Users\ubaidullah.bawa\.m2\repository\com\github\mifmif\generex\1.0.2\generex-1.0.2.jar;C:\Users\ubaidullah.bawa\.m2\repository\dk\brics\automaton\automaton\1.11-8\automaton-1.11-8.jar;C:\Users\ubaidullah.bawa\.m2\repository\org\apache\poi\poi\5.4.1\poi-5.4.1.jar;C:\Users\ubaidullah.bawa\.m2\repository\commons-codec\commons-codec\1.18.0\commons-codec-1.18.0.jar;C:\Users\ubaidullah.bawa\.m2\repository\org\apache\commons\commons-collections4\4.4\commons-collections4-4.4.jar;C:\Users\ubaidullah.bawa\.m2\repository\org\apache\commons\commons-math3\3.6.1\commons-math3-3.6.1.jar;C:\Users\ubaidullah.bawa\.m2\repository\commons-io\commons-io\2.18.0\commons-io-2.18.0.jar;C:\Users\ubaidullah.bawa\.m2\repository\com\zaxxer\SparseBitSet\1.3\SparseBitSet-1.3.jar;C:\Users\ubaidullah.bawa\.m2\repository\org\apache\poi\poi-ooxml\5.4.1\poi-ooxml-5.4.1.jar;C:\Users\ubaidullah.bawa\.m2\repository\org\apache\poi\poi-ooxml-lite\5.4.1\poi-ooxml-lite-5.4.1.jar;C:\Users\ubaidullah.bawa\.m2\repository\org\apache\xmlbeans\xmlbeans\5.3.0\xmlbeans-5.3.0.jar;C:\Users\ubaidullah.bawa\.m2\repository\org\apache\commons\commons-compress\1.27.1\commons-compress-1.27.1.jar;C:\Users\ubaidullah.bawa\.m2\repository\com\github\virtuald\curvesapi\1.08\curvesapi-1.08.jar;C:\Users\ubaidullah.bawa\.m2\repository\com\aventstack\extentreports\5.1.2\extentreports-5.1.2.jar;C:\Users\ubaidullah.bawa\.m2\repository\io\reactivex\rxjava3\rxjava\3.1.6\rxjava-3.1.6.jar;C:\Users\ubaidullah.bawa\.m2\repository\org\reactivestreams\reactive-streams\1.0.4\reactive-streams-1.0.4.jar;C:\Users\ubaidullah.bawa\.m2\repository\org\freemarker\freemarker\2.3.32\freemarker-2.3.32.jar;C:\Users\ubaidullah.bawa\.m2\repository\org\projectlombok\lombok\1.18.26\lombok-1.18.26.jar;C:\Users\ubaidullah.bawa\.m2\repository\com\google\code\gson\gson\2.10.1\gson-2.10.1.jar;C:\Users\ubaidullah.bawa\.m2\repository\com\github\scribejava\scribejava-apis\8.3.3\scribejava-apis-8.3.3.jar;C:\Users\ubaidullah.bawa\.m2\repository\com\github\scribejava\scribejava-core\8.3.3\scribejava-core-8.3.3.jar;C:\Users\ubaidullah.bawa\.m2\repository\com\github\scribejava\scribejava-java8\8.3.3\scribejava-java8-8.3.3.jar;C:\Users\ubaidullah.bawa\.m2\repository\com\fasterxml\jackson\core\jackson-databind\2.14.0\jackson-databind-2.14.0.jar;C:\Users\ubaidullah.bawa\.m2\repository\com\fasterxml\jackson\core\jackson-annotations\2.14.0\jackson-annotations-2.14.0.jar;C:\Users\ubaidullah.bawa\.m2\repository\com\fasterxml\jackson\core\jackson-core\2.14.0\jackson-core-2.14.0.jar;C:\Users\ubaidullah.bawa\.m2\repository\io\rest-assured\json-schema-validator\5.5.5\json-schema-validator-5.5.5.jar;C:\Users\ubaidullah.bawa\.m2\repository\com\github\java-json-tools\json-schema-validator\2.2.14\json-schema-validator-2.2.14.jar;C:\Users\ubaidullah.bawa\.m2\repository\com\github\java-json-tools\jackson-coreutils-equivalence\1.0\jackson-coreutils-equivalence-1.0.jar;C:\Users\ubaidullah.bawa\.m2\repository\com\github\java-json-tools\jackson-coreutils\2.0\jackson-coreutils-2.0.jar;C:\Users\ubaidullah.bawa\.m2\repository\com\github\java-json-tools\msg-simple\1.2\msg-simple-1.2.jar;C:\Users\ubaidullah.bawa\.m2\repository\com\github\java-json-tools\btf\1.3\btf-1.3.jar;C:\Users\ubaidullah.bawa\.m2\repository\com\github\java-json-tools\json-schema-core\1.2.14\json-schema-core-1.2.14.jar;C:\Users\ubaidullah.bawa\.m2\repository\com\github\java-json-tools\uri-template\0.10\uri-template-0.10.jar;C:\Users\ubaidullah.bawa\.m2\repository\org\mozilla\rhino\1.7.7.2\rhino-1.7.7.2.jar;C:\Users\ubaidullah.bawa\.m2\repository\com\sun\mail\mailapi\1.6.2\mailapi-1.6.2.jar;C:\Users\ubaidullah.bawa\.m2\repository\joda-time\joda-time\2.10.5\joda-time-2.10.5.jar;C:\Users\ubaidullah.bawa\.m2\repository\com\googlecode\libphonenumber\libphonenumber\8.11.1\libphonenumber-8.11.1.jar;C:\Users\ubaidullah.bawa\.m2\repository\com\google\code\findbugs\jsr305\3.0.2\jsr305-3.0.2.jar;C:\Users\ubaidullah.bawa\.m2\repository\net\sf\jopt-simple\jopt-simple\5.0.4\jopt-simple-5.0.4.jar;C:\Users\ubaidullah.bawa\.m2\repository\com\google\guava\guava\33.2.1-jre\guava-33.2.1-jre.jar;C:\Users\ubaidullah.bawa\.m2\repository\com\google\guava\failureaccess\1.0.2\failureaccess-1.0.2.jar;C:\Users\ubaidullah.bawa\.m2\repository\com\google\guava\listenablefuture\9999.0-empty-to-avoid-conflict-with-guava\listenablefuture-9999.0-empty-to-avoid-conflict-with-guava.jar;C:\Users\ubaidullah.bawa\.m2\repository\org\checkerframework\checker-qual\3.42.0\checker-qual-3.42.0.jar;C:\Users\ubaidullah.bawa\.m2\repository\com\google\errorprone\error_prone_annotations\2.26.1\error_prone_annotations-2.26.1.jar;C:\Users\ubaidullah.bawa\.m2\repository\com\google\j2objc\j2objc-annotations\3.0.0\j2objc-annotations-3.0.0.jar;C:\Users\ubaidullah.bawa\.m2\repository\org\apache\logging\log4j\log4j-api\2.24.3\log4j-api-2.24.3.jar;C:\Users\ubaidullah.bawa\.m2\repository\org\apache\logging\log4j\log4j-core\2.24.3\log4j-core-2.24.3.jar;"/>
    <property name="java.vm.vendor" value="Eclipse Adoptium"/>
    <property name="sun.arch.data.model" value="64"/>
    <property name="user.variant" value=""/>
    <property name="java.vendor.url" value="https://adoptium.net/"/>
    <property name="user.timezone" value="Asia/Calcutta"/>
    <property name="os.name" value="Windows 11"/>
    <property name="java.vm.specification.version" value="21"/>
    <property name="sun.java.launcher" value="SUN_STANDARD"/>
    <property name="user.country" value="US"/>
    <property name="sun.boot.library.path" value="C:\Users\ubaidullah.bawa\.p2\pool\plugins\org.eclipse.justj.openjdk.hotspot.jre.full.win32.x86_64_21.0.7.v20250502-0916\jre\bin"/>
    <property name="sun.java.command" value="C:\Users\ubaidullah.bawa\AppData\Local\Temp\surefire1696680107837478960\surefirebooter-20250705235459856_3.jar C:\Users\ubaidullah.bawa\AppData\Local\Temp\surefire1696680107837478960 2025-07-05T23-54-59_733-jvmRun1 surefire-20250705235459856_1tmp surefire_0-20250705235459856_2tmp"/>
    <property name="jdk.debug" value="release"/>
    <property name="surefire.test.class.path" value="C:\Users\ubaidullah.bawa\eclipse-workspace\PetStoreAutomation\target\test-classes;C:\Users\ubaidullah.bawa\eclipse-workspace\PetStoreAutomation\target\classes;C:\Users\ubaidullah.bawa\.m2\repository\org\testng\testng\7.11.0\testng-7.11.0.jar;C:\Users\ubaidullah.bawa\.m2\repository\org\slf4j\slf4j-api\2.0.16\slf4j-api-2.0.16.jar;C:\Users\ubaidullah.bawa\.m2\repository\org\jcommander\jcommander\1.83\jcommander-1.83.jar;C:\Users\ubaidullah.bawa\.m2\repository\org\webjars\jquery\3.7.1\jquery-3.7.1.jar;C:\Users\ubaidullah.bawa\.m2\repository\io\rest-assured\rest-assured\5.5.5\rest-assured-5.5.5.jar;C:\Users\ubaidullah.bawa\.m2\repository\org\apache\groovy\groovy\4.0.22\groovy-4.0.22.jar;C:\Users\ubaidullah.bawa\.m2\repository\org\apache\groovy\groovy-xml\4.0.22\groovy-xml-4.0.22.jar;C:\Users\ubaidullah.bawa\.m2\repository\org\apache\httpcomponents\httpclient\4.5.13\httpclient-4.5.13.jar;C:\Users\ubaidullah.bawa\.m2\repository\org\apache\httpcomponents\httpcore\4.4.13\httpcore-4.4.13.jar;C:\Users\ubaidullah.bawa\.m2\repository\commons-logging\commons-logging\1.2\commons-logging-1.2.jar;C:\Users\ubaidullah.bawa\.m2\repository\org\apache\httpcomponents\httpmime\4.5.13\httpmime-4.5.13.jar;C:\Users\ubaidullah.bawa\.m2\repository\org\hamcrest\hamcrest\2.2\hamcrest-2.2.jar;C:\Users\ubaidullah.bawa\.m2\repository\org\ccil\cowan\tagsoup\tagsoup\1.2.1\tagsoup-1.2.1.jar;C:\Users\ubaidullah.bawa\.m2\repository\io\rest-assured\xml-path\5.5.5\xml-path-5.5.5.jar;C:\Users\ubaidullah.bawa\.m2\repository\io\rest-assured\json-path\5.5.5\json-path-5.5.5.jar;C:\Users\ubaidullah.bawa\.m2\repository\org\apache\groovy\groovy-json\4.0.22\groovy-json-4.0.22.jar;C:\Users\ubaidullah.bawa\.m2\repository\io\rest-assured\rest-assured-common\5.5.5\rest-assured-common-5.5.5.jar;C:\Users\ubaidullah.bawa\.m2\repository\org\json\json\20250517\json-20250517.jar;C:\Users\ubaidullah.bawa\.m2\repository\com\github\javafaker\javafaker\1.0.2\javafaker-1.0.2.jar;C:\Users\ubaidullah.bawa\.m2\repository\org\apache\commons\commons-lang3\3.5\commons-lang3-3.5.jar;C:\Users\ubaidullah.bawa\.m2\repository\org\yaml\snakeyaml\1.23\snakeyaml-1.23-android.jar;C:\Users\ubaidullah.bawa\.m2\repository\com\github\mifmif\generex\1.0.2\generex-1.0.2.jar;C:\Users\ubaidullah.bawa\.m2\repository\dk\brics\automaton\automaton\1.11-8\automaton-1.11-8.jar;C:\Users\ubaidullah.bawa\.m2\repository\org\apache\poi\poi\5.4.1\poi-5.4.1.jar;C:\Users\ubaidullah.bawa\.m2\repository\commons-codec\commons-codec\1.18.0\commons-codec-1.18.0.jar;C:\Users\ubaidullah.bawa\.m2\repository\org\apache\commons\commons-collections4\4.4\commons-collections4-4.4.jar;C:\Users\ubaidullah.bawa\.m2\repository\org\apache\commons\commons-math3\3.6.1\commons-math3-3.6.1.jar;C:\Users\ubaidullah.bawa\.m2\repository\commons-io\commons-io\2.18.0\commons-io-2.18.0.jar;C:\Users\ubaidullah.bawa\.m2\repository\com\zaxxer\SparseBitSet\1.3\SparseBitSet-1.3.jar;C:\Users\ubaidullah.bawa\.m2\repository\org\apache\poi\poi-ooxml\5.4.1\poi-ooxml-5.4.1.jar;C:\Users\ubaidullah.bawa\.m2\repository\org\apache\poi\poi-ooxml-lite\5.4.1\poi-ooxml-lite-5.4.1.jar;C:\Users\ubaidullah.bawa\.m2\repository\org\apache\xmlbeans\xmlbeans\5.3.0\xmlbeans-5.3.0.jar;C:\Users\ubaidullah.bawa\.m2\repository\org\apache\commons\commons-compress\1.27.1\commons-compress-1.27.1.jar;C:\Users\ubaidullah.bawa\.m2\repository\com\github\virtuald\curvesapi\1.08\curvesapi-1.08.jar;C:\Users\ubaidullah.bawa\.m2\repository\com\aventstack\extentreports\5.1.2\extentreports-5.1.2.jar;C:\Users\ubaidullah.bawa\.m2\repository\io\reactivex\rxjava3\rxjava\3.1.6\rxjava-3.1.6.jar;C:\Users\ubaidullah.bawa\.m2\repository\org\reactivestreams\reactive-streams\1.0.4\reactive-streams-1.0.4.jar;C:\Users\ubaidullah.bawa\.m2\repository\org\freemarker\freemarker\2.3.32\freemarker-2.3.32.jar;C:\Users\ubaidullah.bawa\.m2\repository\org\projectlombok\lombok\1.18.26\lombok-1.18.26.jar;C:\Users\ubaidullah.bawa\.m2\repository\com\google\code\gson\gson\2.10.1\gson-2.10.1.jar;C:\Users\ubaidullah.bawa\.m2\repository\com\github\scribejava\scribejava-apis\8.3.3\scribejava-apis-8.3.3.jar;C:\Users\ubaidullah.bawa\.m2\repository\com\github\scribejava\scribejava-core\8.3.3\scribejava-core-8.3.3.jar;C:\Users\ubaidullah.bawa\.m2\repository\com\github\scribejava\scribejava-java8\8.3.3\scribejava-java8-8.3.3.jar;C:\Users\ubaidullah.bawa\.m2\repository\com\fasterxml\jackson\core\jackson-databind\2.14.0\jackson-databind-2.14.0.jar;C:\Users\ubaidullah.bawa\.m2\repository\com\fasterxml\jackson\core\jackson-annotations\2.14.0\jackson-annotations-2.14.0.jar;C:\Users\ubaidullah.bawa\.m2\repository\com\fasterxml\jackson\core\jackson-core\2.14.0\jackson-core-2.14.0.jar;C:\Users\ubaidullah.bawa\.m2\repository\io\rest-assured\json-schema-validator\5.5.5\json-schema-validator-5.5.5.jar;C:\Users\ubaidullah.bawa\.m2\repository\com\github\java-json-tools\json-schema-validator\2.2.14\json-schema-validator-2.2.14.jar;C:\Users\ubaidullah.bawa\.m2\repository\com\github\java-json-tools\jackson-coreutils-equivalence\1.0\jackson-coreutils-equivalence-1.0.jar;C:\Users\ubaidullah.bawa\.m2\repository\com\github\java-json-tools\jackson-coreutils\2.0\jackson-coreutils-2.0.jar;C:\Users\ubaidullah.bawa\.m2\repository\com\github\java-json-tools\msg-simple\1.2\msg-simple-1.2.jar;C:\Users\ubaidullah.bawa\.m2\repository\com\github\java-json-tools\btf\1.3\btf-1.3.jar;C:\Users\ubaidullah.bawa\.m2\repository\com\github\java-json-tools\json-schema-core\1.2.14\json-schema-core-1.2.14.jar;C:\Users\ubaidullah.bawa\.m2\repository\com\github\java-json-tools\uri-template\0.10\uri-template-0.10.jar;C:\Users\ubaidullah.bawa\.m2\repository\org\mozilla\rhino\1.7.7.2\rhino-1.7.7.2.jar;C:\Users\ubaidullah.bawa\.m2\repository\com\sun\mail\mailapi\1.6.2\mailapi-1.6.2.jar;C:\Users\ubaidullah.bawa\.m2\repository\joda-time\joda-time\2.10.5\joda-time-2.10.5.jar;C:\Users\ubaidullah.bawa\.m2\repository\com\googlecode\libphonenumber\libphonenumber\8.11.1\libphonenumber-8.11.1.jar;C:\Users\ubaidullah.bawa\.m2\repository\com\google\code\findbugs\jsr305\3.0.2\jsr305-3.0.2.jar;C:\Users\ubaidullah.bawa\.m2\repository\net\sf\jopt-simple\jopt-simple\5.0.4\jopt-simple-5.0.4.jar;C:\Users\ubaidullah.bawa\.m2\repository\com\google\guava\guava\33.2.1-jre\guava-33.2.1-jre.jar;C:\Users\ubaidullah.bawa\.m2\repository\com\google\guava\failureaccess\1.0.2\failureaccess-1.0.2.jar;C:\Users\ubaidullah.bawa\.m2\repository\com\google\guava\listenablefuture\9999.0-empty-to-avoid-conflict-with-guava\listenablefuture-9999.0-empty-to-avoid-conflict-with-guava.jar;C:\Users\ubaidullah.bawa\.m2\repository\org\checkerframework\checker-qual\3.42.0\checker-qual-3.42.0.jar;C:\Users\ubaidullah.bawa\.m2\repository\com\google\errorprone\error_prone_annotations\2.26.1\error_prone_annotations-2.26.1.jar;C:\Users\ubaidullah.bawa\.m2\repository\com\google\j2objc\j2objc-annotations\3.0.0\j2objc-annotations-3.0.0.jar;C:\Users\ubaidullah.bawa\.m2\repository\org\apache\logging\log4j\log4j-api\2.24.3\log4j-api-2.24.3.jar;C:\Users\ubaidullah.bawa\.m2\repository\org\apache\logging\log4j\log4j-core\2.24.3\log4j-core-2.24.3.jar;"/>
    <property name="sun.cpu.endian" value="little"/>
    <property name="user.home" value="C:\Users\ubaidullah.bawa"/>
    <property name="user.language" value="en"/>
    <property name="java.specification.vendor" value="Oracle Corporation"/>
    <property name="java.version.date" value="2025-04-15"/>
    <property name="java.home" value="C:\Users\ubaidullah.bawa\.p2\pool\plugins\org.eclipse.justj.openjdk.hotspot.jre.full.win32.x86_64_21.0.7.v20250502-0916\jre"/>
    <property name="file.separator" value="\"/>
    <property name="basedir" value="C:\Users\ubaidullah.bawa\eclipse-workspace\PetStoreAutomation"/>
    <property name="style.color" value="always"/>
    <property name="java.vm.compressedOopsMode" value="Zero based"/>
    <property name="line.separator" value="&#10;"/>
    <property name="java.vm.specification.vendor" value="Oracle Corporation"/>
    <property name="java.specification.name" value="Java Platform API Specification"/>
    <property name="surefire.real.class.path" value="C:\Users\ubaidullah.bawa\AppData\Local\Temp\surefire1696680107837478960\surefirebooter-20250705235459856_3.jar"/>
    <property name="user.script" value=""/>
    <property name="sun.management.compiler" value="HotSpot 64-Bit Tiered Compilers"/>
    <property name="java.runtime.version" value="21.0.7+6-LTS"/>
    <property name="user.name" value="ubaidullah.bawa"/>
    <property name="stdout.encoding" value="Cp1252"/>
    <property name="path.separator" value=";"/>
    <property name="os.version" value="10.0"/>
    <property name="java.runtime.name" value="OpenJDK Runtime Environment"/>
    <property name="file.encoding" value="UTF-8"/>
    <property name="java.vm.name" value="OpenJDK 64-Bit Server VM"/>
    <property name="java.vendor.version" value="Temurin-21.0.7+6"/>
    <property name="localRepository" value="C:\Users\ubaidullah.bawa\.m2\repository"/>
    <property name="java.vendor.url.bug" value="https://github.com/adoptium/adoptium-support/issues"/>
    <property name="java.io.tmpdir" value="C:\Users\UBAIDU~1.BAW\AppData\Local\Temp\"/>
    <property name="java.version" value="21.0.7"/>
    <property name="user.dir" value="C:\Users\ubaidullah.bawa\eclipse-workspace\PetStoreAutomation"/>
    <property name="os.arch" value="amd64"/>
    <property name="java.vm.specification.name" value="Java Virtual Machine Specification"/>
    <property name="sun.os.patch.level" value=""/>
    <property name="native.encoding" value="Cp1252"/>
    <property name="java.library.path" value="C:\Users\ubaidullah.bawa\.p2\pool\plugins\org.eclipse.justj.openjdk.hotspot.jre.full.win32.x86_64_21.0.7.v20250502-0916\jre\bin;C:\WINDOWS\Sun\Java\bin;C:\WINDOWS\system32;C:\WINDOWS;C:/Users/ubaidullah.bawa/.p2/pool/plugins/org.eclipse.justj.openjdk.hotspot.jre.full.win32.x86_64_21.0.7.v20250502-0916/jre/bin/server;C:/Users/ubaidullah.bawa/.p2/pool/plugins/org.eclipse.justj.openjdk.hotspot.jre.full.win32.x86_64_21.0.7.v20250502-0916/jre/bin;C:\WINDOWS\system32;C:\WINDOWS;C:\WINDOWS\System32\Wbem;C:\WINDOWS\System32\WindowsPowerShell\v1.0\;C:\WINDOWS\System32\OpenSSH\;C:\Program Files\dotnet\;C:\Program Files\Git\cmd;C:\Users\ubaidullah.bawa\AppData\Local\Programs\Python\Launcher\;C:\Users\ubaidullah.bawa\AppData\Local\Microsoft\WindowsApps;C:\Users\ubaidullah.bawa\AppData\Local\Programs\Microsoft VS Code\bin;C:\Tools\OpenJDK21\bin;C:\Tools\apache-maven-3.9.10\bin;;C:\WINDOWS\system32;;."/>
    <property name="java.vm.info" value="mixed mode, sharing"/>
    <property name="stderr.encoding" value="Cp1252"/>
    <property name="java.vendor" value="Eclipse Adoptium"/>
    <property name="java.vm.version" value="21.0.7+6-LTS"/>
    <property name="sun.io.unicode.encoding" value="UnicodeLittle"/>
    <property name="java.class.version" value="65.0"/>
  </properties>
  <testcase name="test_DDT_createUser[2010, testuser1, John, Canedy, a@gmail.com, test@1, 8687809765](1)" classname="api.tests.DDTests" time="2.035">
    <system-out><![CDATA[23:55:02.276 [TestNG-test-Test-1] DEBUG org.apache.poi.openxml4j.opc.PackageRelationshipCollection - Parsing relationship: /xl/_rels/workbook.xml.rels
23:55:02.276 [TestNG-test-Test-2] INFO  api.tests.UserTests - ****************************************************************
23:55:02.276 [TestNG-test-Test-3] INFO  api.tests.UserTests2 - ****************************************************************
23:55:02.279 [TestNG-test-Test-2] INFO  api.tests.UserTests - ***********<<<<<Starting test_createUser>>>>>*******************
23:55:02.279 [TestNG-test-Test-3] INFO  api.tests.UserTests2 - ***********<<<<<Starting test_createUser>>>>>*******************
23:55:02.279 [TestNG-test-Test-2] INFO  api.tests.UserTests - Sending POST request to create a new user
23:55:02.279 [TestNG-test-Test-3] INFO  api.tests.UserTests2 - Sending POST request to create a new user
23:55:02.283 [TestNG-test-Test-1] DEBUG org.apache.poi.openxml4j.opc.PackageRelationshipCollection - Parsing relationship: /_rels/.rels
23:55:02.893 [TestNG-test-Test-1] DEBUG org.apache.poi.openxml4j.opc.PackageRelationshipCollection - Parsing relationship: /xl/_rels/workbook.xml.rels
23:55:02.894 [TestNG-test-Test-1] DEBUG org.apache.poi.openxml4j.opc.PackageRelationshipCollection - Parsing relationship: /_rels/.rels
23:55:02.920 [TestNG-test-Test-1] DEBUG org.apache.poi.openxml4j.opc.PackageRelationshipCollection - Parsing relationship: /xl/_rels/workbook.xml.rels
23:55:02.921 [TestNG-test-Test-1] DEBUG org.apache.poi.openxml4j.opc.PackageRelationshipCollection - Parsing relationship: /_rels/.rels
23:55:02.977 [TestNG-test-Test-1] DEBUG org.apache.poi.openxml4j.opc.PackageRelationshipCollection - Parsing relationship: /xl/_rels/workbook.xml.rels
23:55:02.978 [TestNG-test-Test-1] DEBUG org.apache.poi.openxml4j.opc.PackageRelationshipCollection - Parsing relationship: /_rels/.rels
23:55:03.003 [TestNG-test-Test-1] DEBUG org.apache.poi.openxml4j.opc.PackageRelationshipCollection - Parsing relationship: /xl/_rels/workbook.xml.rels
23:55:03.004 [TestNG-test-Test-1] DEBUG org.apache.poi.openxml4j.opc.PackageRelationshipCollection - Parsing relationship: /_rels/.rels
23:55:03.020 [TestNG-test-Test-1] DEBUG org.apache.poi.openxml4j.opc.PackageRelationshipCollection - Parsing relationship: /xl/_rels/workbook.xml.rels
23:55:03.020 [TestNG-test-Test-1] DEBUG org.apache.poi.openxml4j.opc.PackageRelationshipCollection - Parsing relationship: /_rels/.rels
23:55:03.034 [TestNG-test-Test-1] DEBUG org.apache.poi.openxml4j.opc.PackageRelationshipCollection - Parsing relationship: /xl/_rels/workbook.xml.rels
23:55:03.035 [TestNG-test-Test-1] DEBUG org.apache.poi.openxml4j.opc.PackageRelationshipCollection - Parsing relationship: /_rels/.rels
23:55:03.047 [TestNG-test-Test-1] DEBUG org.apache.poi.openxml4j.opc.PackageRelationshipCollection - Parsing relationship: /xl/_rels/workbook.xml.rels
23:55:03.048 [TestNG-test-Test-1] DEBUG org.apache.poi.openxml4j.opc.PackageRelationshipCollection - Parsing relationship: /_rels/.rels
23:55:03.061 [TestNG-test-Test-1] DEBUG org.apache.poi.openxml4j.opc.PackageRelationshipCollection - Parsing relationship: /xl/_rels/workbook.xml.rels
23:55:03.062 [TestNG-test-Test-1] DEBUG org.apache.poi.openxml4j.opc.PackageRelationshipCollection - Parsing relationship: /_rels/.rels
23:55:03.074 [TestNG-test-Test-1] DEBUG org.apache.poi.openxml4j.opc.PackageRelationshipCollection - Parsing relationship: /xl/_rels/workbook.xml.rels
23:55:03.074 [TestNG-test-Test-1] DEBUG org.apache.poi.openxml4j.opc.PackageRelationshipCollection - Parsing relationship: /_rels/.rels
23:55:03.086 [TestNG-test-Test-1] DEBUG org.apache.poi.openxml4j.opc.PackageRelationshipCollection - Parsing relationship: /xl/_rels/workbook.xml.rels
23:55:03.087 [TestNG-test-Test-1] DEBUG org.apache.poi.openxml4j.opc.PackageRelationshipCollection - Parsing relationship: /_rels/.rels
23:55:03.099 [TestNG-test-Test-1] DEBUG org.apache.poi.openxml4j.opc.PackageRelationshipCollection - Parsing relationship: /xl/_rels/workbook.xml.rels
23:55:03.100 [TestNG-test-Test-1] DEBUG org.apache.poi.openxml4j.opc.PackageRelationshipCollection - Parsing relationship: /_rels/.rels
23:55:03.115 [TestNG-test-Test-1] DEBUG org.apache.poi.openxml4j.opc.PackageRelationshipCollection - Parsing relationship: /xl/_rels/workbook.xml.rels
23:55:03.115 [TestNG-test-Test-1] DEBUG org.apache.poi.openxml4j.opc.PackageRelationshipCollection - Parsing relationship: /_rels/.rels
23:55:03.129 [TestNG-test-Test-1] DEBUG org.apache.poi.openxml4j.opc.PackageRelationshipCollection - Parsing relationship: /xl/_rels/workbook.xml.rels
23:55:03.129 [TestNG-test-Test-1] DEBUG org.apache.poi.openxml4j.opc.PackageRelationshipCollection - Parsing relationship: /_rels/.rels
23:55:03.148 [TestNG-test-Test-1] DEBUG org.apache.poi.openxml4j.opc.PackageRelationshipCollection - Parsing relationship: /xl/_rels/workbook.xml.rels
23:55:03.148 [TestNG-test-Test-1] DEBUG org.apache.poi.openxml4j.opc.PackageRelationshipCollection - Parsing relationship: /_rels/.rels
23:55:03.161 [TestNG-test-Test-1] DEBUG org.apache.poi.openxml4j.opc.PackageRelationshipCollection - Parsing relationship: /xl/_rels/workbook.xml.rels
23:55:03.162 [TestNG-test-Test-1] DEBUG org.apache.poi.openxml4j.opc.PackageRelationshipCollection - Parsing relationship: /_rels/.rels
23:55:03.173 [TestNG-test-Test-1] DEBUG org.apache.poi.openxml4j.opc.PackageRelationshipCollection - Parsing relationship: /xl/_rels/workbook.xml.rels
23:55:03.174 [TestNG-test-Test-1] DEBUG org.apache.poi.openxml4j.opc.PackageRelationshipCollection - Parsing relationship: /_rels/.rels
23:55:03.186 [TestNG-test-Test-1] DEBUG org.apache.poi.openxml4j.opc.PackageRelationshipCollection - Parsing relationship: /xl/_rels/workbook.xml.rels
23:55:03.186 [TestNG-test-Test-1] DEBUG org.apache.poi.openxml4j.opc.PackageRelationshipCollection - Parsing relationship: /_rels/.rels
23:55:03.198 [TestNG-test-Test-1] DEBUG org.apache.poi.openxml4j.opc.PackageRelationshipCollection - Parsing relationship: /xl/_rels/workbook.xml.rels
23:55:03.198 [TestNG-test-Test-1] DEBUG org.apache.poi.openxml4j.opc.PackageRelationshipCollection - Parsing relationship: /_rels/.rels
23:55:03.209 [TestNG-test-Test-1] DEBUG org.apache.poi.openxml4j.opc.PackageRelationshipCollection - Parsing relationship: /xl/_rels/workbook.xml.rels
23:55:03.210 [TestNG-test-Test-1] DEBUG org.apache.poi.openxml4j.opc.PackageRelationshipCollection - Parsing relationship: /_rels/.rels
23:55:03.221 [TestNG-test-Test-1] DEBUG org.apache.poi.openxml4j.opc.PackageRelationshipCollection - Parsing relationship: /xl/_rels/workbook.xml.rels
23:55:03.221 [TestNG-test-Test-1] DEBUG org.apache.poi.openxml4j.opc.PackageRelationshipCollection - Parsing relationship: /_rels/.rels
23:55:03.233 [TestNG-test-Test-1] DEBUG org.apache.poi.openxml4j.opc.PackageRelationshipCollection - Parsing relationship: /xl/_rels/workbook.xml.rels
23:55:03.234 [TestNG-test-Test-1] DEBUG org.apache.poi.openxml4j.opc.PackageRelationshipCollection - Parsing relationship: /_rels/.rels
23:55:03.248 [TestNG-test-Test-1] DEBUG org.apache.poi.openxml4j.opc.PackageRelationshipCollection - Parsing relationship: /xl/_rels/workbook.xml.rels
23:55:03.249 [TestNG-test-Test-1] DEBUG org.apache.poi.openxml4j.opc.PackageRelationshipCollection - Parsing relationship: /_rels/.rels
23:55:03.266 [TestNG-test-Test-1] INFO  api.tests.DDTests - ***************Starting DDT create user tests***************
23:55:05.270 [TestNG-test-Test-2] INFO  api.tests.UserTests - Asserting response field types
23:55:05.270 [TestNG-test-Test-3] INFO  api.tests.UserTests2 - Asserting response field types
HTTP/1.1 200 OK
Date: Sat, 05 Jul 2025 18:25:05 GMT
Content-Type: application/json
Transfer-Encoding: chunked
Connection: keep-alive
Access-Control-Allow-Origin: *
Access-Control-Allow-Methods: GET, POST, DELETE, PUT
Access-Control-Allow-Headers: Content-Type, api_key, Authorization
Server: Jetty(9.2.9.v20150224)

{
    "code": 200,
    "type": "unknown",
    "message": "2010"
}
23:55:05.295 [TestNG-test-Test-1] INFO  api.tests.DDTests - ***************Finished DDT create user tests***************
]]></system-out>
    <system-err><![CDATA[SLF4J(W): No SLF4J providers were found.
SLF4J(W): Defaulting to no-operation (NOP) logger implementation
SLF4J(W): See https://www.slf4j.org/codes.html#noProviders for further details.
]]></system-err>
  </testcase>
  <testcase name="test_DDT_createUser[2011, testuser2, Kim, Kom, b@gmail.com, test@2, 8687809565](2)" classname="api.tests.DDTests" time="0.494">
    <system-out><![CDATA[23:55:05.898 [TestNG-test-Test-3] INFO  api.tests.UserTests2 - ***** Starting test_getUserByName *****
23:55:05.898 [TestNG-test-Test-2] INFO  api.tests.UserTests - ***** Starting test_getUserByName *****
HTTP/1.1 200 OK
Date: Sat, 05 Jul 2025 18:25:06 GMT
Content-Type: application/json
Transfer-Encoding: chunked
Connection: keep-alive
Access-Control-Allow-Origin: *
Access-Control-Allow-Methods: GET, POST, DELETE, PUT
Access-Control-Allow-Headers: Content-Type, api_key, Authorization
Server: Jetty(9.2.9.v20150224)

{
    "code": 200,
    "type": "unknown",
    "message": "2011"
}
23:55:06.393 [TestNG-test-Test-1] INFO  api.tests.DDTests - ***************Finished DDT create user tests***************
]]></system-out>
  </testcase>
  <testcase name="test_DDT_createUser[2012, testuser3, Smith, Steve, c@gmail.com, test@3, 8687309765](3)" classname="api.tests.DDTests" time="0.407">
    <system-out><![CDATA[23:55:07.074 [TestNG-test-Test-2] INFO  api.tests.UserTests - ********************************************
23:55:07.075 [TestNG-test-Test-2] INFO  api.tests.UserTests - ***** Starting test_updateUser *****
HTTP/1.1 200 OK
Date: Sat, 05 Jul 2025 18:25:07 GMT
Content-Type: application/json
Transfer-Encoding: chunked
Connection: keep-alive
Access-Control-Allow-Origin: *
Access-Control-Allow-Methods: GET, POST, DELETE, PUT
Access-Control-Allow-Headers: Content-Type, api_key, Authorization
Server: Jetty(9.2.9.v20150224)

{
    "code": 200,
    "type": "unknown",
    "message": "2012"
}
23:55:07.482 [TestNG-test-Test-1] INFO  api.tests.DDTests - ***************Finished DDT create user tests***************
]]></system-out>
  </testcase>
  <testcase name="test_DDT_deleteUsers[testuser1](1)" classname="api.tests.DDTests" time="0.442"/>
  <testcase name="test_DDT_deleteUsers[testuser2](2)" classname="api.tests.DDTests" time="0.0">
    <skipped message="expected [200] but found [404]"/>
    <system-out><![CDATA[23:55:09.274 [TestNG-test-Test-3] INFO  api.tests.UserTests2 - ********************************************
23:55:09.275 [TestNG-test-Test-3] INFO  api.tests.UserTests2 - ********* Starting test_loginUser **********
]]></system-out>
  </testcase>
  <testcase name="test_DDT_deleteUsers[testuser2](3)" classname="api.tests.DDTests" time="0.0">
    <skipped message="expected [200] but found [404]"/>
    <system-out><![CDATA[23:55:10.413 [TestNG-test-Test-2] INFO  api.tests.UserTests - ********************************************
23:55:10.413 [TestNG-test-Test-2] INFO  api.tests.UserTests - ******** Starting test_logoutUser***********
]]></system-out>
  </testcase>
  <testcase name="test_DDT_deleteUsers[testuser2](4)" classname="api.tests.DDTests" time="1.085"/>
  <testcase name="test_DDT_deleteUsers[testuser3](5)" classname="api.tests.DDTests" time="1.092"/>
  <testcase name="test_createUser" classname="api.tests.UserTests" time="0.6">
    <system-out><![CDATA[23:55:05.297 [TestNG-test-Test-1] INFO  api.tests.DDTests - ***************Starting DDT create user tests***************
23:55:05.896 [TestNG-test-Test-3] INFO  api.tests.UserTests2 - ***** Finished test_createUser *****
23:55:05.896 [TestNG-test-Test-2] INFO  api.tests.UserTests - ***** Finished test_createUser *****
23:55:05.897 [TestNG-test-Test-3] INFO  api.tests.UserTests2 - ********************************************
23:55:05.897 [TestNG-test-Test-2] INFO  api.tests.UserTests - ********************************************
]]></system-out>
  </testcase>
  <testcase name="test_getUserByName" classname="api.tests.UserTests" time="0.002">
    <system-out><![CDATA[23:55:07.072 [TestNG-test-Test-3] INFO  api.tests.UserTests2 - ********************************************
23:55:07.073 [TestNG-test-Test-3] INFO  api.tests.UserTests2 - ***** Starting test_updateUser *****
23:55:07.073 [TestNG-test-Test-2] INFO  api.tests.UserTests - ***** Finished test_getUserByName *****
]]></system-out>
  </testcase>
  <testcase name="test_updateUserByName" classname="api.tests.UserTests" time="0.639">
    <system-out><![CDATA[23:55:07.486 [TestNG-test-Test-1] DEBUG org.apache.poi.openxml4j.opc.PackageRelationshipCollection - Parsing relationship: /xl/_rels/workbook.xml.rels
23:55:07.486 [TestNG-test-Test-1] DEBUG org.apache.poi.openxml4j.opc.PackageRelationshipCollection - Parsing relationship: /_rels/.rels
23:55:07.497 [TestNG-test-Test-1] DEBUG org.apache.poi.openxml4j.opc.PackageRelationshipCollection - Parsing relationship: /xl/_rels/workbook.xml.rels
23:55:07.497 [TestNG-test-Test-1] DEBUG org.apache.poi.openxml4j.opc.PackageRelationshipCollection - Parsing relationship: /_rels/.rels
23:55:07.507 [TestNG-test-Test-1] DEBUG org.apache.poi.openxml4j.opc.PackageRelationshipCollection - Parsing relationship: /xl/_rels/workbook.xml.rels
23:55:07.507 [TestNG-test-Test-1] DEBUG org.apache.poi.openxml4j.opc.PackageRelationshipCollection - Parsing relationship: /_rels/.rels
23:55:07.520 [TestNG-test-Test-1] DEBUG org.apache.poi.openxml4j.opc.PackageRelationshipCollection - Parsing relationship: /xl/_rels/workbook.xml.rels
23:55:07.520 [TestNG-test-Test-1] DEBUG org.apache.poi.openxml4j.opc.PackageRelationshipCollection - Parsing relationship: /_rels/.rels
23:55:08.167 [TestNG-test-Test-2] INFO  api.tests.UserTests - ***** Finished test_updateUser *****
23:55:08.168 [TestNG-test-Test-2] INFO  api.tests.UserTests - ********************************************
]]></system-out>
  </testcase>
  <testcase name="test_deleteUserByName" classname="api.tests.UserTests" time="0.636">
    <system-out><![CDATA[HTTP/1.1 200 OK
Date: Sat, 05 Jul 2025 18:25:09 GMT
Content-Type: application/json
Transfer-Encoding: chunked
Connection: keep-alive
Access-Control-Allow-Origin: *
Access-Control-Allow-Methods: GET, POST, DELETE, PUT
Access-Control-Allow-Headers: Content-Type, api_key, Authorization
Server: Jetty(9.2.9.v20150224)

{
    "code": 200,
    "type": "unknown",
    "message": "elisha.torp"
}
]]></system-out>
  </testcase>
  <testcase name="test_loginUser" classname="api.tests.UserTests" time="0.01">
    <system-out><![CDATA[23:55:10.403 [TestNG-test-Test-3] INFO  api.tests.UserTests2 - ********************************************
23:55:10.403 [TestNG-test-Test-3] INFO  api.tests.UserTests2 - ******** Starting test_logoutUser***********
23:55:10.409 [TestNG-test-Test-2] INFO  api.tests.UserTests - Asserting that the response matches the JSON schema from C:\Users\ubaidullah.bawa\eclipse-workspace\PetStoreAutomation\test-data\getUserLoginSchema.json
23:55:10.412 [TestNG-test-Test-2] INFO  api.tests.UserTests - ***** Finished test_loginUser***************
23:55:10.412 [TestNG-test-Test-2] INFO  api.tests.UserTests - ********************************************
]]></system-out>
  </testcase>
  <testcase name="test_logoutUser" classname="api.tests.UserTests" time="0.705">
    <system-out><![CDATA[23:55:11.511 [TestNG-test-Test-2] INFO  api.tests.UserTests - ***** Finished test_logoutUser *****
23:55:11.511 [TestNG-test-Test-2] INFO  api.tests.UserTests - ************************************
]]></system-out>
  </testcase>
  <testcase name="test_createUser" classname="api.tests.UserTests2" time="0.6"/>
  <testcase name="test_getUserByName" classname="api.tests.UserTests2" time="0.678">
    <system-out><![CDATA[23:55:06.395 [TestNG-test-Test-1] INFO  api.tests.DDTests - ***************Starting DDT create user tests***************
23:55:07.015 [TestNG-test-Test-3] INFO  api.tests.UserTests2 - Response body: {"id":618318877,"username":"buster.lehner","firstName":"Lianne","lastName":"DuBuque","email":"etta.goyette@example.com","password":"dq9x2ebu9u0tm","phone":"1-887-367-5929","userStatus":0}
23:55:07.020 [TestNG-test-Test-2] INFO  api.tests.UserTests - Response body: {"id":511263199,"username":"elisha.torp","firstName":"Cyril","lastName":"Adams","email":"chris.hirthe@example.com","password":"et7a2wc5x","phone":"1-754-786-1729","userStatus":0}
23:55:07.071 [TestNG-test-Test-3] INFO  api.tests.UserTests2 - ***** Finished test_getUserByName *****
]]></system-out>
  </testcase>
  <testcase name="test_updateUserByName" classname="api.tests.UserTests2" time="0.012">
    <system-out><![CDATA[23:55:08.178 [TestNG-test-Test-3] INFO  api.tests.UserTests2 - ***** Finished test_updateUser *****
23:55:08.179 [TestNG-test-Test-3] INFO  api.tests.UserTests2 - ********************************************
]]></system-out>
  </testcase>
  <testcase name="test_deleteUserByName" classname="api.tests.UserTests2" time="0.012">
    <system-out><![CDATA[23:55:09.258 [TestNG-test-Test-2] INFO  api.tests.UserTests - ********************************************
23:55:09.258 [TestNG-test-Test-2] INFO  api.tests.UserTests - ********* Starting test_loginUser **********
HTTP/1.1 200 OK
Date: Sat, 05 Jul 2025 18:25:09 GMT
Content-Type: application/json
Transfer-Encoding: chunked
Connection: keep-alive
Access-Control-Allow-Origin: *
Access-Control-Allow-Methods: GET, POST, DELETE, PUT
Access-Control-Allow-Headers: Content-Type, api_key, Authorization
Server: Jetty(9.2.9.v20150224)

{
    "code": 200,
    "type": "unknown",
    "message": "buster.lehner"
}
]]></system-out>
  </testcase>
  <testcase name="test_loginUser" classname="api.tests.UserTests2" time="0.68">
    <system-out><![CDATA[23:55:10.400 [TestNG-test-Test-3] INFO  api.tests.UserTests2 - Asserting that the response matches the JSON schema from C:\Users\ubaidullah.bawa\eclipse-workspace\PetStoreAutomation\test-data\getUserLoginSchema.json
23:55:10.402 [TestNG-test-Test-3] INFO  api.tests.UserTests2 - ***** Finished test_loginUser***************
23:55:10.402 [TestNG-test-Test-3] INFO  api.tests.UserTests2 - ********************************************
]]></system-out>
  </testcase>
  <testcase name="test_logoutUser" classname="api.tests.UserTests2" time="0.693">
    <system-out><![CDATA[23:55:11.495 [TestNG-test-Test-3] INFO  api.tests.UserTests2 - ***** Finished test_logoutUser *****
23:55:11.495 [TestNG-test-Test-3] INFO  api.tests.UserTests2 - ************************************
]]></system-out>
  </testcase>
</testsuite>