<?xml version="1.0" encoding="UTF-8"?>
<!-- Generated by org.testng.reporters.JUnitReportReporter -->
<testsuite hostname="IMPETUS-BL1083" failures="0" tests="9" name="api.tests.UserTests" time="20.815" errors="0" timestamp="2025-06-19T13:07:19 IST" skipped="3">
  <testcase classname="api.tests.UserTests" name="test_createUser" time="4.796"/>
  <testcase classname="api.tests.UserTests" name="test_getUserByName" time="1.990"/>
  <testcase classname="api.tests.UserTests" name="test_getUserByName" time="1.984">
    <skipped/>
  </testcase> <!-- test_getUserByName -->
  <testcase classname="api.tests.UserTests" name="test_getUserByName" time="1.764">
    <skipped/>
  </testcase> <!-- test_getUserByName -->
  <testcase classname="api.tests.UserTests" name="test_getUserByName" time="1.636">
    <skipped/>
  </testcase> <!-- test_getUserByName -->
  <testcase classname="api.tests.UserTests" name="test_updateUserByName" time="1.634"/>
  <testcase classname="api.tests.UserTests" name="test_deleteUserByName" time="1.427"/>
  <testcase classname="api.tests.UserTests" name="test_loginUser" time="3.649"/>
  <testcase classname="api.tests.UserTests" name="test_logoutUser" time="1.935"/>
</testsuite> <!-- api.tests.UserTests -->
