<?xml version="1.0" encoding="UTF-8"?>
<!-- Generated by org.testng.reporters.JUnitReportReporter -->
<testsuite hostname="IMPETUS-BL1083" failures="0" tests="7" name="api.tests.UserTests2" time="14.989" errors="0" timestamp="2025-06-19T13:07:19 IST" skipped="1">
  <testcase classname="api.tests.UserTests2" name="test_createUser" time="4.796"/>
  <testcase classname="api.tests.UserTests2" name="test_getUserByName" time="1.777"/>
  <testcase classname="api.tests.UserTests2" name="test_getUserByName" time="1.710">
    <skipped/>
  </testcase> <!-- test_getUserByName -->
  <testcase classname="api.tests.UserTests2" name="test_updateUserByName" time="1.927"/>
  <testcase classname="api.tests.UserTests2" name="test_deleteUserByName" time="1.792"/>
  <testcase classname="api.tests.UserTests2" name="test_loginUser" time="1.524"/>
  <testcase classname="api.tests.UserTests2" name="test_logoutUser" time="1.463"/>
</testsuite> <!-- api.tests.UserTests2 -->
