<?xml version="1.0" encoding="UTF-8"?>
<!-- Generated by org.testng.reporters.JUnitReportReporter -->
<testsuite hostname="IMPETUS-BL1083" failures="0" tests="7" name="api.tests.DDTests" time="13.182" errors="0" timestamp="2025-06-19T13:07:19 IST" skipped="1">
  <testcase classname="api.tests.DDTests" name="test_DDT_createUser" time="1.681"/>
  <testcase classname="api.tests.DDTests" name="test_DDT_createUser" time="1.858"/>
  <testcase classname="api.tests.DDTests" name="test_DDT_createUser" time="2.806"/>
  <testcase classname="api.tests.DDTests" name="test_DDT_deleteUsers" time="1.522"/>
  <testcase classname="api.tests.DDTests" name="test_DDT_deleteUsers" time="2.002"/>
  <testcase classname="api.tests.DDTests" name="test_DDT_deleteUsers" time="1.480">
    <skipped/>
  </testcase> <!-- test_DDT_deleteUsers -->
  <testcase classname="api.tests.DDTests" name="test_DDT_deleteUsers" time="1.833"/>
</testsuite> <!-- api.tests.DDTests -->
