<?xml version="1.0" encoding="UTF-8"?>
<!-- Generated by org.testng.reporters.JUnitReportReporter -->
<testsuite hostname="IMPETUS-BL1083" failures="0" tests="6" name="api.tests.DDTests" time="9.948" errors="0" timestamp="2025-07-05T21:16:12 IST" skipped="0">
  <testcase classname="api.tests.DDTests" name="test_DDT_createUser" time="1.433"/>
  <testcase classname="api.tests.DDTests" name="test_DDT_createUser" time="1.296"/>
  <testcase classname="api.tests.DDTests" name="test_DDT_createUser" time="2.937"/>
  <testcase classname="api.tests.DDTests" name="test_DDT_deleteUsers" time="1.432"/>
  <testcase classname="api.tests.DDTests" name="test_DDT_deleteUsers" time="1.536"/>
  <testcase classname="api.tests.DDTests" name="test_DDT_deleteUsers" time="1.314"/>
</testsuite> <!-- api.tests.DDTests -->
