<?xml version="1.0" encoding="UTF-8"?>
<!-- Generated by org.testng.reporters.JUnitReportReporter -->
<testsuite hostname="Lappie" failures="0" tests="7" name="api.tests.UserTests2" time="17.268" errors="0" timestamp="2025-07-06T00:22:12 IST" skipped="1">
  <testcase classname="api.tests.UserTests2" name="test_createUser" time="8.180"/>
  <testcase classname="api.tests.UserTests2" name="test_getUserByName" time="1.325">
    <skipped/>
  </testcase> <!-- test_getUserByName -->
  <testcase classname="api.tests.UserTests2" name="test_getUserByName" time="1.496"/>
  <testcase classname="api.tests.UserTests2" name="test_updateUserByName" time="1.771"/>
  <testcase classname="api.tests.UserTests2" name="test_deleteUserByName" time="1.447"/>
  <testcase classname="api.tests.UserTests2" name="test_loginUser" time="1.687"/>
  <testcase classname="api.tests.UserTests2" name="test_logoutUser" time="1.362"/>
</testsuite> <!-- api.tests.UserTests2 -->
