<?xml version="1.0" encoding="UTF-8"?>
<!-- Generated by org.testng.reporters.JUnitReportReporter -->
<testsuite hostname="IMPETUS-BL1083" failures="0" tests="8" name="api.tests.DDTests" time="9.665" errors="0" timestamp="2025-07-05T23:55:16 IST" skipped="2">
  <testcase classname="api.tests.DDTests" name="test_DDT_createUser" time="2.033"/>
  <testcase classname="api.tests.DDTests" name="test_DDT_createUser" time="1.088"/>
  <testcase classname="api.tests.DDTests" name="test_DDT_createUser" time="1.098"/>
  <testcase classname="api.tests.DDTests" name="test_DDT_deleteUsers" time="1.082">
    <skipped/>
  </testcase> <!-- test_DDT_deleteUsers -->
  <testcase classname="api.tests.DDTests" name="test_DDT_deleteUsers" time="1.090"/>
  <testcase classname="api.tests.DDTests" name="test_DDT_deleteUsers" time="1.099">
    <skipped/>
  </testcase> <!-- test_DDT_deleteUsers -->
  <testcase classname="api.tests.DDTests" name="test_DDT_deleteUsers" time="1.091"/>
  <testcase classname="api.tests.DDTests" name="test_DDT_deleteUsers" time="1.084"/>
</testsuite> <!-- api.tests.DDTests -->
