<?xml version="1.0" encoding="UTF-8"?>
<!-- Generated by org.testng.reporters.JUnitReportReporter -->
<testsuite hostname="IMPETUS-BL1083" failures="0" tests="6" name="api.tests.DDTests" time="13.597" errors="0" timestamp="2025-06-19T13:39:59 IST" skipped="0">
  <testcase classname="api.tests.DDTests" name="test_DDT_createUser" time="1.299"/>
  <testcase classname="api.tests.DDTests" name="test_DDT_createUser" time="6.608"/>
  <testcase classname="api.tests.DDTests" name="test_DDT_createUser" time="1.406"/>
  <testcase classname="api.tests.DDTests" name="test_DDT_deleteUsers" time="1.418"/>
  <testcase classname="api.tests.DDTests" name="test_DDT_deleteUsers" time="1.334"/>
  <testcase classname="api.tests.DDTests" name="test_DDT_deleteUsers" time="1.532"/>
</testsuite> <!-- api.tests.DDTests -->
