<?xml version="1.0" encoding="UTF-8"?>
<!-- Generated by org.testng.reporters.JUnitReportReporter -->
<testsuite hostname="Lappie" failures="0" tests="6" name="api.tests.DDTests" time="10.928" errors="0" timestamp="2025-07-06T00:22:12 IST" skipped="0">
  <testcase classname="api.tests.DDTests" name="test_DDT_createUser" time="3.915"/>
  <testcase classname="api.tests.DDTests" name="test_DDT_createUser" time="1.318"/>
  <testcase classname="api.tests.DDTests" name="test_DDT_createUser" time="1.242"/>
  <testcase classname="api.tests.DDTests" name="test_DDT_deleteUsers" time="1.632"/>
  <testcase classname="api.tests.DDTests" name="test_DDT_deleteUsers" time="1.287"/>
  <testcase classname="api.tests.DDTests" name="test_DDT_deleteUsers" time="1.534"/>
</testsuite> <!-- api.tests.DDTests -->
