<?xml version="1.0" encoding="UTF-8"?>
<!-- Generated by org.testng.reporters.JUnitReportReporter -->
<testsuite hostname="Lappie" failures="0" tests="7" name="api.tests.UserTests" time="17.822" errors="0" timestamp="2025-07-06T00:22:12 IST" skipped="1">
  <testcase classname="api.tests.UserTests" name="test_createUser" time="8.180"/>
  <testcase classname="api.tests.UserTests" name="test_getUserByName" time="1.325">
    <skipped/>
  </testcase> <!-- test_getUserByName -->
  <testcase classname="api.tests.UserTests" name="test_getUserByName" time="1.496"/>
  <testcase classname="api.tests.UserTests" name="test_updateUserByName" time="1.768"/>
  <testcase classname="api.tests.UserTests" name="test_deleteUserByName" time="2.151"/>
  <testcase classname="api.tests.UserTests" name="test_loginUser" time="1.547"/>
  <testcase classname="api.tests.UserTests" name="test_logoutUser" time="1.355"/>
</testsuite> <!-- api.tests.UserTests -->
