<?xml version="1.0" encoding="UTF-8"?>
<!-- Generated by org.testng.reporters.JUnitReportReporter -->
<testsuite hostname="IMPETUS-BL1083" failures="0" tests="9" name="api.tests.UserTests" time="17.243" errors="0" timestamp="2025-07-05T21:16:12 IST" skipped="3">
  <testcase classname="api.tests.UserTests" name="test_createUser" time="5.557"/>
  <testcase classname="api.tests.UserTests" name="test_getUserByName" time="1.503"/>
  <testcase classname="api.tests.UserTests" name="test_updateUserByName" time="1.369"/>
  <testcase classname="api.tests.UserTests" name="test_deleteUserByName" time="1.436"/>
  <testcase classname="api.tests.UserTests" name="test_deleteUserByName" time="1.432">
    <skipped/>
  </testcase> <!-- test_deleteUserByName -->
  <testcase classname="api.tests.UserTests" name="test_deleteUserByName" time="1.520">
    <skipped/>
  </testcase> <!-- test_deleteUserByName -->
  <testcase classname="api.tests.UserTests" name="test_deleteUserByName" time="1.419">
    <skipped/>
  </testcase> <!-- test_deleteUserByName -->
  <testcase classname="api.tests.UserTests" name="test_loginUser" time="1.569"/>
  <testcase classname="api.tests.UserTests" name="test_logoutUser" time="1.438"/>
</testsuite> <!-- api.tests.UserTests -->
