<?xml version="1.0" encoding="UTF-8"?>
<!-- Generated by org.testng.reporters.JUnitReportReporter -->
<testsuite hostname="IMPETUS-BL1083" failures="0" tests="6" name="api.tests.UserTests" time="20.087" errors="0" timestamp="2025-06-19T13:39:59 IST" skipped="0">
  <testcase classname="api.tests.UserTests" name="test_createUser" time="12.606"/>
  <testcase classname="api.tests.UserTests" name="test_getUserByName" time="1.563"/>
  <testcase classname="api.tests.UserTests" name="test_updateUserByName" time="1.531"/>
  <testcase classname="api.tests.UserTests" name="test_deleteUserByName" time="1.526"/>
  <testcase classname="api.tests.UserTests" name="test_loginUser" time="1.421"/>
  <testcase classname="api.tests.UserTests" name="test_logoutUser" time="1.440"/>
</testsuite> <!-- api.tests.UserTests -->
