<?xml version="1.0" encoding="UTF-8"?>
<!-- Generated by org.testng.reporters.JUnitReportReporter -->
<testsuite hostname="IMPETUS-BL1083" failures="0" tests="6" name="api.tests.UserTests2" time="12.852" errors="0" timestamp="2025-07-05T21:16:12 IST" skipped="0">
  <testcase classname="api.tests.UserTests2" name="test_createUser" time="5.557"/>
  <testcase classname="api.tests.UserTests2" name="test_getUserByName" time="1.507"/>
  <testcase classname="api.tests.UserTests2" name="test_updateUserByName" time="1.365"/>
  <testcase classname="api.tests.UserTests2" name="test_deleteUserByName" time="1.521"/>
  <testcase classname="api.tests.UserTests2" name="test_loginUser" time="1.493"/>
  <testcase classname="api.tests.UserTests2" name="test_logoutUser" time="1.409"/>
</testsuite> <!-- api.tests.UserTests2 -->
