<?xml version="1.0" encoding="UTF-8"?>
<!-- Generated by org.testng.reporters.JUnitReportReporter -->
<testsuite hostname="IMPETUS-BL1083" failures="0" tests="6" name="api.tests.UserTests" time="9.270" errors="0" timestamp="2025-07-05T23:55:16 IST" skipped="0">
  <testcase classname="api.tests.UserTests" name="test_createUser" time="3.658"/>
  <testcase classname="api.tests.UserTests" name="test_getUserByName" time="1.175"/>
  <testcase classname="api.tests.UserTests" name="test_updateUserByName" time="1.094"/>
  <testcase classname="api.tests.UserTests" name="test_deleteUserByName" time="1.089"/>
  <testcase classname="api.tests.UserTests" name="test_loginUser" time="1.155"/>
  <testcase classname="api.tests.UserTests" name="test_logoutUser" time="1.099"/>
</testsuite> <!-- api.tests.UserTests -->
