<?xml version="1.0" encoding="UTF-8"?>
<!-- Generated by org.testng.reporters.JUnitReportReporter -->
<testsuite hostname="IMPETUS-BL1083" failures="0" tests="9" name="api.tests.UserTests2" time="24.688" errors="0" timestamp="2025-06-19T13:39:59 IST" skipped="3">
  <testcase classname="api.tests.UserTests2" name="test_createUser" time="12.606"/>
  <testcase classname="api.tests.UserTests2" name="test_getUserByName" time="1.627"/>
  <testcase classname="api.tests.UserTests2" name="test_getUserByName" time="1.529">
    <skipped/>
  </testcase> <!-- test_getUserByName -->
  <testcase classname="api.tests.UserTests2" name="test_getUserByName" time="1.368">
    <skipped/>
  </testcase> <!-- test_getUserByName -->
  <testcase classname="api.tests.UserTests2" name="test_getUserByName" time="1.367">
    <skipped/>
  </testcase> <!-- test_getUserByName -->
  <testcase classname="api.tests.UserTests2" name="test_updateUserByName" time="1.532"/>
  <testcase classname="api.tests.UserTests2" name="test_deleteUserByName" time="1.493"/>
  <testcase classname="api.tests.UserTests2" name="test_loginUser" time="1.623"/>
  <testcase classname="api.tests.UserTests2" name="test_logoutUser" time="1.543"/>
</testsuite> <!-- api.tests.UserTests2 -->
