<?xml version="1.0" encoding="UTF-8"?>
<!-- Generated by org.testng.reporters.JUnitReportReporter -->
<testsuite hostname="IMPETUS-BL1083" failures="0" tests="6" name="api.tests.UserTests2" time="9.252" errors="0" timestamp="2025-07-05T23:55:16 IST" skipped="0">
  <testcase classname="api.tests.UserTests2" name="test_createUser" time="3.658"/>
  <testcase classname="api.tests.UserTests2" name="test_getUserByName" time="1.174"/>
  <testcase classname="api.tests.UserTests2" name="test_updateUserByName" time="1.107"/>
  <testcase classname="api.tests.UserTests2" name="test_deleteUserByName" time="1.092"/>
  <testcase classname="api.tests.UserTests2" name="test_loginUser" time="1.129"/>
  <testcase classname="api.tests.UserTests2" name="test_logoutUser" time="1.092"/>
</testsuite> <!-- api.tests.UserTests2 -->
